<?xml version="1.0" encoding="UTF-8"?>
<testsuite xmlns:xsi="http://www.w3.org/2001/XMLSchema-instance" xsi:noNamespaceSchemaLocation="https://maven.apache.org/surefire/maven-surefire-plugin/xsd/surefire-test-report.xsd" name="com.capstone.project.controller.UserControllerTest" time="2.803" tests="15" errors="0" skipped="0" failures="9">
  <properties>
    <property name="java.specification.version" value="20"/>
    <property name="sun.cpu.isalist" value="amd64"/>
    <property name="sun.jnu.encoding" value="Cp1252"/>
    <property name="java.class.path" value="C:\Users\Acer\Documents\IdeaProject\Capstone\springboot-backend\target\test-classes;C:\Users\Acer\Documents\IdeaProject\Capstone\springboot-backend\target\classes;C:\Users\Acer\.m2\repository\org\springframework\boot\spring-boot-starter-data-jpa\3.0.6\spring-boot-starter-data-jpa-3.0.6.jar;C:\Users\Acer\.m2\repository\org\springframework\boot\spring-boot-starter-aop\3.0.6\spring-boot-starter-aop-3.0.6.jar;C:\Users\Acer\.m2\repository\org\aspectj\aspectjweaver\1.9.19\aspectjweaver-1.9.19.jar;C:\Users\Acer\.m2\repository\org\springframework\boot\spring-boot-starter-jdbc\3.0.6\spring-boot-starter-jdbc-3.0.6.jar;C:\Users\Acer\.m2\repository\com\zaxxer\HikariCP\5.0.1\HikariCP-5.0.1.jar;C:\Users\Acer\.m2\repository\org\springframework\spring-jdbc\6.0.8\spring-jdbc-6.0.8.jar;C:\Users\Acer\.m2\repository\org\hibernate\orm\hibernate-core\6.1.7.Final\hibernate-core-6.1.7.Final.jar;C:\Users\Acer\.m2\repository\jakarta\persistence\jakarta.persistence-api\3.1.0\jakarta.persistence-api-3.1.0.jar;C:\Users\Acer\.m2\repository\jakarta\transaction\jakarta.transaction-api\2.0.1\jakarta.transaction-api-2.0.1.jar;C:\Users\Acer\.m2\repository\org\hibernate\common\hibernate-commons-annotations\6.0.6.Final\hibernate-commons-annotations-6.0.6.Final.jar;C:\Users\Acer\.m2\repository\org\jboss\jandex\2.4.2.Final\jandex-2.4.2.Final.jar;C:\Users\Acer\.m2\repository\net\bytebuddy\byte-buddy\1.12.23\byte-buddy-1.12.23.jar;C:\Users\Acer\.m2\repository\org\glassfish\jaxb\jaxb-runtime\4.0.2\jaxb-runtime-4.0.2.jar;C:\Users\Acer\.m2\repository\org\glassfish\jaxb\jaxb-core\4.0.2\jaxb-core-4.0.2.jar;C:\Users\Acer\.m2\repository\org\glassfish\jaxb\txw2\4.0.2\txw2-4.0.2.jar;C:\Users\Acer\.m2\repository\com\sun\istack\istack-commons-runtime\4.1.1\istack-commons-runtime-4.1.1.jar;C:\Users\Acer\.m2\repository\jakarta\inject\jakarta.inject-api\2.0.0\jakarta.inject-api-2.0.0.jar;C:\Users\Acer\.m2\repository\org\antlr\antlr4-runtime\4.10.1\antlr4-runtime-4.10.1.jar;C:\Users\Acer\.m2\repository\org\springframework\data\spring-data-jpa\3.0.5\spring-data-jpa-3.0.5.jar;C:\Users\Acer\.m2\repository\org\springframework\data\spring-data-commons\3.0.5\spring-data-commons-3.0.5.jar;C:\Users\Acer\.m2\repository\org\springframework\spring-orm\6.0.8\spring-orm-6.0.8.jar;C:\Users\Acer\.m2\repository\org\springframework\spring-context\6.0.8\spring-context-6.0.8.jar;C:\Users\Acer\.m2\repository\org\springframework\spring-tx\6.0.8\spring-tx-6.0.8.jar;C:\Users\Acer\.m2\repository\org\springframework\spring-beans\6.0.8\spring-beans-6.0.8.jar;C:\Users\Acer\.m2\repository\jakarta\annotation\jakarta.annotation-api\2.1.1\jakarta.annotation-api-2.1.1.jar;C:\Users\Acer\.m2\repository\org\slf4j\slf4j-api\2.0.7\slf4j-api-2.0.7.jar;C:\Users\Acer\.m2\repository\org\springframework\spring-aspects\6.0.8\spring-aspects-6.0.8.jar;C:\Users\Acer\.m2\repository\org\springframework\boot\spring-boot-starter-web\3.0.6\spring-boot-starter-web-3.0.6.jar;C:\Users\Acer\.m2\repository\org\springframework\boot\spring-boot-starter\3.0.6\spring-boot-starter-3.0.6.jar;C:\Users\Acer\.m2\repository\org\springframework\boot\spring-boot-starter-logging\3.0.6\spring-boot-starter-logging-3.0.6.jar;C:\Users\Acer\.m2\repository\ch\qos\logback\logback-classic\1.4.7\logback-classic-1.4.7.jar;C:\Users\Acer\.m2\repository\ch\qos\logback\logback-core\1.4.7\logback-core-1.4.7.jar;C:\Users\Acer\.m2\repository\org\apache\logging\log4j\log4j-to-slf4j\2.19.0\log4j-to-slf4j-2.19.0.jar;C:\Users\Acer\.m2\repository\org\apache\logging\log4j\log4j-api\2.19.0\log4j-api-2.19.0.jar;C:\Users\Acer\.m2\repository\org\slf4j\jul-to-slf4j\2.0.7\jul-to-slf4j-2.0.7.jar;C:\Users\Acer\.m2\repository\org\yaml\snakeyaml\1.33\snakeyaml-1.33.jar;C:\Users\Acer\.m2\repository\org\springframework\boot\spring-boot-starter-json\3.0.6\spring-boot-starter-json-3.0.6.jar;C:\Users\Acer\.m2\repository\com\fasterxml\jackson\datatype\jackson-datatype-jdk8\2.14.2\jackson-datatype-jdk8-2.14.2.jar;C:\Users\Acer\.m2\repository\com\fasterxml\jackson\datatype\jackson-datatype-jsr310\2.14.2\jackson-datatype-jsr310-2.14.2.jar;C:\Users\Acer\.m2\repository\com\fasterxml\jackson\module\jackson-module-parameter-names\2.14.2\jackson-module-parameter-names-2.14.2.jar;C:\Users\Acer\.m2\repository\org\springframework\boot\spring-boot-starter-tomcat\3.0.6\spring-boot-starter-tomcat-3.0.6.jar;C:\Users\Acer\.m2\repository\org\apache\tomcat\embed\tomcat-embed-core\10.1.8\tomcat-embed-core-10.1.8.jar;C:\Users\Acer\.m2\repository\org\apache\tomcat\embed\tomcat-embed-websocket\10.1.8\tomcat-embed-websocket-10.1.8.jar;C:\Users\Acer\.m2\repository\org\springframework\spring-web\6.0.8\spring-web-6.0.8.jar;C:\Users\Acer\.m2\repository\io\micrometer\micrometer-observation\1.10.6\micrometer-observation-1.10.6.jar;C:\Users\Acer\.m2\repository\io\micrometer\micrometer-commons\1.10.6\micrometer-commons-1.10.6.jar;C:\Users\Acer\.m2\repository\org\springframework\spring-webmvc\6.0.8\spring-webmvc-6.0.8.jar;C:\Users\Acer\.m2\repository\org\springframework\spring-expression\6.0.8\spring-expression-6.0.8.jar;C:\Users\Acer\.m2\repository\org\springframework\boot\spring-boot-starter-validation\3.0.6\spring-boot-starter-validation-3.0.6.jar;C:\Users\Acer\.m2\repository\org\apache\tomcat\embed\tomcat-embed-el\10.1.8\tomcat-embed-el-10.1.8.jar;C:\Users\Acer\.m2\repository\org\springframework\boot\spring-boot-devtools\3.0.6\spring-boot-devtools-3.0.6.jar;C:\Users\Acer\.m2\repository\org\springframework\boot\spring-boot\3.0.6\spring-boot-3.0.6.jar;C:\Users\Acer\.m2\repository\org\springframework\boot\spring-boot-autoconfigure\3.0.6\spring-boot-autoconfigure-3.0.6.jar;C:\Users\Acer\.m2\repository\com\mysql\mysql-connector-j\8.0.33\mysql-connector-j-8.0.33.jar;C:\Users\Acer\.m2\repository\org\springframework\boot\spring-boot-starter-test\3.0.6\spring-boot-starter-test-3.0.6.jar;C:\Users\Acer\.m2\repository\org\springframework\boot\spring-boot-test\3.0.6\spring-boot-test-3.0.6.jar;C:\Users\Acer\.m2\repository\org\springframework\boot\spring-boot-test-autoconfigure\3.0.6\spring-boot-test-autoconfigure-3.0.6.jar;C:\Users\Acer\.m2\repository\com\jayway\jsonpath\json-path\2.7.0\json-path-2.7.0.jar;C:\Users\Acer\.m2\repository\net\minidev\json-smart\2.4.10\json-smart-2.4.10.jar;C:\Users\Acer\.m2\repository\net\minidev\accessors-smart\2.4.9\accessors-smart-2.4.9.jar;C:\Users\Acer\.m2\repository\org\ow2\asm\asm\9.3\asm-9.3.jar;C:\Users\Acer\.m2\repository\jakarta\xml\bind\jakarta.xml.bind-api\4.0.0\jakarta.xml.bind-api-4.0.0.jar;C:\Users\Acer\.m2\repository\jakarta\activation\jakarta.activation-api\2.1.1\jakarta.activation-api-2.1.1.jar;C:\Users\Acer\.m2\repository\org\assertj\assertj-core\3.23.1\assertj-core-3.23.1.jar;C:\Users\Acer\.m2\repository\org\hamcrest\hamcrest\2.2\hamcrest-2.2.jar;C:\Users\Acer\.m2\repository\org\junit\jupiter\junit-jupiter\5.9.2\junit-jupiter-5.9.2.jar;C:\Users\Acer\.m2\repository\org\junit\jupiter\junit-jupiter-api\5.9.2\junit-jupiter-api-5.9.2.jar;C:\Users\Acer\.m2\repository\org\opentest4j\opentest4j\1.2.0\opentest4j-1.2.0.jar;C:\Users\Acer\.m2\repository\org\junit\platform\junit-platform-commons\1.9.2\junit-platform-commons-1.9.2.jar;C:\Users\Acer\.m2\repository\org\apiguardian\apiguardian-api\1.1.2\apiguardian-api-1.1.2.jar;C:\Users\Acer\.m2\repository\org\junit\jupiter\junit-jupiter-params\5.9.2\junit-jupiter-params-5.9.2.jar;C:\Users\Acer\.m2\repository\org\junit\jupiter\junit-jupiter-engine\5.9.2\junit-jupiter-engine-5.9.2.jar;C:\Users\Acer\.m2\repository\org\junit\platform\junit-platform-engine\1.9.2\junit-platform-engine-1.9.2.jar;C:\Users\Acer\.m2\repository\org\mockito\mockito-core\4.8.1\mockito-core-4.8.1.jar;C:\Users\Acer\.m2\repository\net\bytebuddy\byte-buddy-agent\1.12.23\byte-buddy-agent-1.12.23.jar;C:\Users\Acer\.m2\repository\org\objenesis\objenesis\3.2\objenesis-3.2.jar;C:\Users\Acer\.m2\repository\org\mockito\mockito-junit-jupiter\4.8.1\mockito-junit-jupiter-4.8.1.jar;C:\Users\Acer\.m2\repository\org\skyscreamer\jsonassert\1.5.1\jsonassert-1.5.1.jar;C:\Users\Acer\.m2\repository\com\vaadin\external\google\android-json\0.0.20131108.vaadin1\android-json-0.0.20131108.vaadin1.jar;C:\Users\Acer\.m2\repository\org\springframework\spring-core\6.0.8\spring-core-6.0.8.jar;C:\Users\Acer\.m2\repository\org\springframework\spring-jcl\6.0.8\spring-jcl-6.0.8.jar;C:\Users\Acer\.m2\repository\org\springframework\spring-test\6.0.8\spring-test-6.0.8.jar;C:\Users\Acer\.m2\repository\org\xmlunit\xmlunit-core\2.9.1\xmlunit-core-2.9.1.jar;C:\Users\Acer\.m2\repository\org\projectlombok\lombok\1.18.26\lombok-1.18.26.jar;C:\Users\Acer\.m2\repository\com\microsoft\sqlserver\mssql-jdbc\11.2.3.jre17\mssql-jdbc-11.2.3.jre17.jar;C:\Users\Acer\.m2\repository\org\springframework\boot\spring-boot-starter-security\3.0.6\spring-boot-starter-security-3.0.6.jar;C:\Users\Acer\.m2\repository\org\springframework\spring-aop\6.0.8\spring-aop-6.0.8.jar;C:\Users\Acer\.m2\repository\org\springframework\security\spring-security-config\6.0.3\spring-security-config-6.0.3.jar;C:\Users\Acer\.m2\repository\org\springframework\security\spring-security-web\6.0.3\spring-security-web-6.0.3.jar;C:\Users\Acer\.m2\repository\org\springframework\security\spring-security-test\6.0.3\spring-security-test-6.0.3.jar;C:\Users\Acer\.m2\repository\org\springframework\security\spring-security-core\6.0.3\spring-security-core-6.0.3.jar;C:\Users\Acer\.m2\repository\org\springframework\security\spring-security-crypto\6.0.3\spring-security-crypto-6.0.3.jar;C:\Users\Acer\.m2\repository\io\jsonwebtoken\jjwt-api\0.11.5\jjwt-api-0.11.5.jar;C:\Users\Acer\.m2\repository\io\jsonwebtoken\jjwt-impl\0.11.5\jjwt-impl-0.11.5.jar;C:\Users\Acer\.m2\repository\io\jsonwebtoken\jjwt-jackson\0.11.5\jjwt-jackson-0.11.5.jar;C:\Users\Acer\.m2\repository\com\fasterxml\jackson\core\jackson-databind\2.14.2\jackson-databind-2.14.2.jar;C:\Users\Acer\.m2\repository\com\fasterxml\jackson\core\jackson-annotations\2.14.2\jackson-annotations-2.14.2.jar;C:\Users\Acer\.m2\repository\com\fasterxml\jackson\core\jackson-core\2.14.2\jackson-core-2.14.2.jar;C:\Users\Acer\.m2\repository\org\hibernate\validator\hibernate-validator\8.0.0.Final\hibernate-validator-8.0.0.Final.jar;C:\Users\Acer\.m2\repository\jakarta\validation\jakarta.validation-api\3.0.2\jakarta.validation-api-3.0.2.jar;C:\Users\Acer\.m2\repository\org\jboss\logging\jboss-logging\3.5.0.Final\jboss-logging-3.5.0.Final.jar;C:\Users\Acer\.m2\repository\com\fasterxml\classmate\1.5.1\classmate-1.5.1.jar;C:\Users\Acer\.m2\repository\org\apache\commons\commons-text\1.10.0\commons-text-1.10.0.jar;C:\Users\Acer\.m2\repository\org\apache\commons\commons-lang3\3.12.0\commons-lang3-3.12.0.jar;C:\Users\Acer\.m2\repository\org\springframework\boot\spring-boot-starter-mail\3.0.6\spring-boot-starter-mail-3.0.6.jar;C:\Users\Acer\.m2\repository\org\springframework\spring-context-support\6.0.8\spring-context-support-6.0.8.jar;C:\Users\Acer\.m2\repository\org\eclipse\angus\jakarta.mail\1.0.0\jakarta.mail-1.0.0.jar;C:\Users\Acer\.m2\repository\org\eclipse\angus\angus-activation\2.0.0\angus-activation-2.0.0.jar;C:\Users\Acer\.m2\repository\org\modelmapper\modelmapper\3.1.1\modelmapper-3.1.1.jar;"/>
    <property name="java.vm.vendor" value="Oracle Corporation"/>
    <property name="sun.arch.data.model" value="64"/>
    <property name="user.variant" value=""/>
    <property name="java.vendor.url" value="https://java.oracle.com/"/>
    <property name="user.timezone" value="Asia/Saigon"/>
    <property name="os.name" value="Windows 11"/>
    <property name="java.vm.specification.version" value="20"/>
    <property name="sun.java.launcher" value="SUN_STANDARD"/>
    <property name="user.country" value="US"/>
    <property name="sun.boot.library.path" value="C:\Program Files\Java\jdk-20\bin"/>
    <property name="sun.java.command" value="C:\Users\Acer\AppData\Local\Temp\surefire8916105034077310073\surefirebooter5947616195666385226.jar C:\Users\Acer\AppData\Local\Temp\surefire8916105034077310073 2023-06-28T23-29-46_377-jvmRun1 surefire10458778051033562952tmp surefire_017696895474224200765tmp"/>
    <property name="jdk.debug" value="release"/>
    <property name="surefire.test.class.path" value="C:\Users\Acer\Documents\IdeaProject\Capstone\springboot-backend\target\test-classes;C:\Users\Acer\Documents\IdeaProject\Capstone\springboot-backend\target\classes;C:\Users\Acer\.m2\repository\org\springframework\boot\spring-boot-starter-data-jpa\3.0.6\spring-boot-starter-data-jpa-3.0.6.jar;C:\Users\Acer\.m2\repository\org\springframework\boot\spring-boot-starter-aop\3.0.6\spring-boot-starter-aop-3.0.6.jar;C:\Users\Acer\.m2\repository\org\aspectj\aspectjweaver\1.9.19\aspectjweaver-1.9.19.jar;C:\Users\Acer\.m2\repository\org\springframework\boot\spring-boot-starter-jdbc\3.0.6\spring-boot-starter-jdbc-3.0.6.jar;C:\Users\Acer\.m2\repository\com\zaxxer\HikariCP\5.0.1\HikariCP-5.0.1.jar;C:\Users\Acer\.m2\repository\org\springframework\spring-jdbc\6.0.8\spring-jdbc-6.0.8.jar;C:\Users\Acer\.m2\repository\org\hibernate\orm\hibernate-core\6.1.7.Final\hibernate-core-6.1.7.Final.jar;C:\Users\Acer\.m2\repository\jakarta\persistence\jakarta.persistence-api\3.1.0\jakarta.persistence-api-3.1.0.jar;C:\Users\Acer\.m2\repository\jakarta\transaction\jakarta.transaction-api\2.0.1\jakarta.transaction-api-2.0.1.jar;C:\Users\Acer\.m2\repository\org\hibernate\common\hibernate-commons-annotations\6.0.6.Final\hibernate-commons-annotations-6.0.6.Final.jar;C:\Users\Acer\.m2\repository\org\jboss\jandex\2.4.2.Final\jandex-2.4.2.Final.jar;C:\Users\Acer\.m2\repository\net\bytebuddy\byte-buddy\1.12.23\byte-buddy-1.12.23.jar;C:\Users\Acer\.m2\repository\org\glassfish\jaxb\jaxb-runtime\4.0.2\jaxb-runtime-4.0.2.jar;C:\Users\Acer\.m2\repository\org\glassfish\jaxb\jaxb-core\4.0.2\jaxb-core-4.0.2.jar;C:\Users\Acer\.m2\repository\org\glassfish\jaxb\txw2\4.0.2\txw2-4.0.2.jar;C:\Users\Acer\.m2\repository\com\sun\istack\istack-commons-runtime\4.1.1\istack-commons-runtime-4.1.1.jar;C:\Users\Acer\.m2\repository\jakarta\inject\jakarta.inject-api\2.0.0\jakarta.inject-api-2.0.0.jar;C:\Users\Acer\.m2\repository\org\antlr\antlr4-runtime\4.10.1\antlr4-runtime-4.10.1.jar;C:\Users\Acer\.m2\repository\org\springframework\data\spring-data-jpa\3.0.5\spring-data-jpa-3.0.5.jar;C:\Users\Acer\.m2\repository\org\springframework\data\spring-data-commons\3.0.5\spring-data-commons-3.0.5.jar;C:\Users\Acer\.m2\repository\org\springframework\spring-orm\6.0.8\spring-orm-6.0.8.jar;C:\Users\Acer\.m2\repository\org\springframework\spring-context\6.0.8\spring-context-6.0.8.jar;C:\Users\Acer\.m2\repository\org\springframework\spring-tx\6.0.8\spring-tx-6.0.8.jar;C:\Users\Acer\.m2\repository\org\springframework\spring-beans\6.0.8\spring-beans-6.0.8.jar;C:\Users\Acer\.m2\repository\jakarta\annotation\jakarta.annotation-api\2.1.1\jakarta.annotation-api-2.1.1.jar;C:\Users\Acer\.m2\repository\org\slf4j\slf4j-api\2.0.7\slf4j-api-2.0.7.jar;C:\Users\Acer\.m2\repository\org\springframework\spring-aspects\6.0.8\spring-aspects-6.0.8.jar;C:\Users\Acer\.m2\repository\org\springframework\boot\spring-boot-starter-web\3.0.6\spring-boot-starter-web-3.0.6.jar;C:\Users\Acer\.m2\repository\org\springframework\boot\spring-boot-starter\3.0.6\spring-boot-starter-3.0.6.jar;C:\Users\Acer\.m2\repository\org\springframework\boot\spring-boot-starter-logging\3.0.6\spring-boot-starter-logging-3.0.6.jar;C:\Users\Acer\.m2\repository\ch\qos\logback\logback-classic\1.4.7\logback-classic-1.4.7.jar;C:\Users\Acer\.m2\repository\ch\qos\logback\logback-core\1.4.7\logback-core-1.4.7.jar;C:\Users\Acer\.m2\repository\org\apache\logging\log4j\log4j-to-slf4j\2.19.0\log4j-to-slf4j-2.19.0.jar;C:\Users\Acer\.m2\repository\org\apache\logging\log4j\log4j-api\2.19.0\log4j-api-2.19.0.jar;C:\Users\Acer\.m2\repository\org\slf4j\jul-to-slf4j\2.0.7\jul-to-slf4j-2.0.7.jar;C:\Users\Acer\.m2\repository\org\yaml\snakeyaml\1.33\snakeyaml-1.33.jar;C:\Users\Acer\.m2\repository\org\springframework\boot\spring-boot-starter-json\3.0.6\spring-boot-starter-json-3.0.6.jar;C:\Users\Acer\.m2\repository\com\fasterxml\jackson\datatype\jackson-datatype-jdk8\2.14.2\jackson-datatype-jdk8-2.14.2.jar;C:\Users\Acer\.m2\repository\com\fasterxml\jackson\datatype\jackson-datatype-jsr310\2.14.2\jackson-datatype-jsr310-2.14.2.jar;C:\Users\Acer\.m2\repository\com\fasterxml\jackson\module\jackson-module-parameter-names\2.14.2\jackson-module-parameter-names-2.14.2.jar;C:\Users\Acer\.m2\repository\org\springframework\boot\spring-boot-starter-tomcat\3.0.6\spring-boot-starter-tomcat-3.0.6.jar;C:\Users\Acer\.m2\repository\org\apache\tomcat\embed\tomcat-embed-core\10.1.8\tomcat-embed-core-10.1.8.jar;C:\Users\Acer\.m2\repository\org\apache\tomcat\embed\tomcat-embed-websocket\10.1.8\tomcat-embed-websocket-10.1.8.jar;C:\Users\Acer\.m2\repository\org\springframework\spring-web\6.0.8\spring-web-6.0.8.jar;C:\Users\Acer\.m2\repository\io\micrometer\micrometer-observation\1.10.6\micrometer-observation-1.10.6.jar;C:\Users\Acer\.m2\repository\io\micrometer\micrometer-commons\1.10.6\micrometer-commons-1.10.6.jar;C:\Users\Acer\.m2\repository\org\springframework\spring-webmvc\6.0.8\spring-webmvc-6.0.8.jar;C:\Users\Acer\.m2\repository\org\springframework\spring-expression\6.0.8\spring-expression-6.0.8.jar;C:\Users\Acer\.m2\repository\org\springframework\boot\spring-boot-starter-validation\3.0.6\spring-boot-starter-validation-3.0.6.jar;C:\Users\Acer\.m2\repository\org\apache\tomcat\embed\tomcat-embed-el\10.1.8\tomcat-embed-el-10.1.8.jar;C:\Users\Acer\.m2\repository\org\springframework\boot\spring-boot-devtools\3.0.6\spring-boot-devtools-3.0.6.jar;C:\Users\Acer\.m2\repository\org\springframework\boot\spring-boot\3.0.6\spring-boot-3.0.6.jar;C:\Users\Acer\.m2\repository\org\springframework\boot\spring-boot-autoconfigure\3.0.6\spring-boot-autoconfigure-3.0.6.jar;C:\Users\Acer\.m2\repository\com\mysql\mysql-connector-j\8.0.33\mysql-connector-j-8.0.33.jar;C:\Users\Acer\.m2\repository\org\springframework\boot\spring-boot-starter-test\3.0.6\spring-boot-starter-test-3.0.6.jar;C:\Users\Acer\.m2\repository\org\springframework\boot\spring-boot-test\3.0.6\spring-boot-test-3.0.6.jar;C:\Users\Acer\.m2\repository\org\springframework\boot\spring-boot-test-autoconfigure\3.0.6\spring-boot-test-autoconfigure-3.0.6.jar;C:\Users\Acer\.m2\repository\com\jayway\jsonpath\json-path\2.7.0\json-path-2.7.0.jar;C:\Users\Acer\.m2\repository\net\minidev\json-smart\2.4.10\json-smart-2.4.10.jar;C:\Users\Acer\.m2\repository\net\minidev\accessors-smart\2.4.9\accessors-smart-2.4.9.jar;C:\Users\Acer\.m2\repository\org\ow2\asm\asm\9.3\asm-9.3.jar;C:\Users\Acer\.m2\repository\jakarta\xml\bind\jakarta.xml.bind-api\4.0.0\jakarta.xml.bind-api-4.0.0.jar;C:\Users\Acer\.m2\repository\jakarta\activation\jakarta.activation-api\2.1.1\jakarta.activation-api-2.1.1.jar;C:\Users\Acer\.m2\repository\org\assertj\assertj-core\3.23.1\assertj-core-3.23.1.jar;C:\Users\Acer\.m2\repository\org\hamcrest\hamcrest\2.2\hamcrest-2.2.jar;C:\Users\Acer\.m2\repository\org\junit\jupiter\junit-jupiter\5.9.2\junit-jupiter-5.9.2.jar;C:\Users\Acer\.m2\repository\org\junit\jupiter\junit-jupiter-api\5.9.2\junit-jupiter-api-5.9.2.jar;C:\Users\Acer\.m2\repository\org\opentest4j\opentest4j\1.2.0\opentest4j-1.2.0.jar;C:\Users\Acer\.m2\repository\org\junit\platform\junit-platform-commons\1.9.2\junit-platform-commons-1.9.2.jar;C:\Users\Acer\.m2\repository\org\apiguardian\apiguardian-api\1.1.2\apiguardian-api-1.1.2.jar;C:\Users\Acer\.m2\repository\org\junit\jupiter\junit-jupiter-params\5.9.2\junit-jupiter-params-5.9.2.jar;C:\Users\Acer\.m2\repository\org\junit\jupiter\junit-jupiter-engine\5.9.2\junit-jupiter-engine-5.9.2.jar;C:\Users\Acer\.m2\repository\org\junit\platform\junit-platform-engine\1.9.2\junit-platform-engine-1.9.2.jar;C:\Users\Acer\.m2\repository\org\mockito\mockito-core\4.8.1\mockito-core-4.8.1.jar;C:\Users\Acer\.m2\repository\net\bytebuddy\byte-buddy-agent\1.12.23\byte-buddy-agent-1.12.23.jar;C:\Users\Acer\.m2\repository\org\objenesis\objenesis\3.2\objenesis-3.2.jar;C:\Users\Acer\.m2\repository\org\mockito\mockito-junit-jupiter\4.8.1\mockito-junit-jupiter-4.8.1.jar;C:\Users\Acer\.m2\repository\org\skyscreamer\jsonassert\1.5.1\jsonassert-1.5.1.jar;C:\Users\Acer\.m2\repository\com\vaadin\external\google\android-json\0.0.20131108.vaadin1\android-json-0.0.20131108.vaadin1.jar;C:\Users\Acer\.m2\repository\org\springframework\spring-core\6.0.8\spring-core-6.0.8.jar;C:\Users\Acer\.m2\repository\org\springframework\spring-jcl\6.0.8\spring-jcl-6.0.8.jar;C:\Users\Acer\.m2\repository\org\springframework\spring-test\6.0.8\spring-test-6.0.8.jar;C:\Users\Acer\.m2\repository\org\xmlunit\xmlunit-core\2.9.1\xmlunit-core-2.9.1.jar;C:\Users\Acer\.m2\repository\org\projectlombok\lombok\1.18.26\lombok-1.18.26.jar;C:\Users\Acer\.m2\repository\com\microsoft\sqlserver\mssql-jdbc\11.2.3.jre17\mssql-jdbc-11.2.3.jre17.jar;C:\Users\Acer\.m2\repository\org\springframework\boot\spring-boot-starter-security\3.0.6\spring-boot-starter-security-3.0.6.jar;C:\Users\Acer\.m2\repository\org\springframework\spring-aop\6.0.8\spring-aop-6.0.8.jar;C:\Users\Acer\.m2\repository\org\springframework\security\spring-security-config\6.0.3\spring-security-config-6.0.3.jar;C:\Users\Acer\.m2\repository\org\springframework\security\spring-security-web\6.0.3\spring-security-web-6.0.3.jar;C:\Users\Acer\.m2\repository\org\springframework\security\spring-security-test\6.0.3\spring-security-test-6.0.3.jar;C:\Users\Acer\.m2\repository\org\springframework\security\spring-security-core\6.0.3\spring-security-core-6.0.3.jar;C:\Users\Acer\.m2\repository\org\springframework\security\spring-security-crypto\6.0.3\spring-security-crypto-6.0.3.jar;C:\Users\Acer\.m2\repository\io\jsonwebtoken\jjwt-api\0.11.5\jjwt-api-0.11.5.jar;C:\Users\Acer\.m2\repository\io\jsonwebtoken\jjwt-impl\0.11.5\jjwt-impl-0.11.5.jar;C:\Users\Acer\.m2\repository\io\jsonwebtoken\jjwt-jackson\0.11.5\jjwt-jackson-0.11.5.jar;C:\Users\Acer\.m2\repository\com\fasterxml\jackson\core\jackson-databind\2.14.2\jackson-databind-2.14.2.jar;C:\Users\Acer\.m2\repository\com\fasterxml\jackson\core\jackson-annotations\2.14.2\jackson-annotations-2.14.2.jar;C:\Users\Acer\.m2\repository\com\fasterxml\jackson\core\jackson-core\2.14.2\jackson-core-2.14.2.jar;C:\Users\Acer\.m2\repository\org\hibernate\validator\hibernate-validator\8.0.0.Final\hibernate-validator-8.0.0.Final.jar;C:\Users\Acer\.m2\repository\jakarta\validation\jakarta.validation-api\3.0.2\jakarta.validation-api-3.0.2.jar;C:\Users\Acer\.m2\repository\org\jboss\logging\jboss-logging\3.5.0.Final\jboss-logging-3.5.0.Final.jar;C:\Users\Acer\.m2\repository\com\fasterxml\classmate\1.5.1\classmate-1.5.1.jar;C:\Users\Acer\.m2\repository\org\apache\commons\commons-text\1.10.0\commons-text-1.10.0.jar;C:\Users\Acer\.m2\repository\org\apache\commons\commons-lang3\3.12.0\commons-lang3-3.12.0.jar;C:\Users\Acer\.m2\repository\org\springframework\boot\spring-boot-starter-mail\3.0.6\spring-boot-starter-mail-3.0.6.jar;C:\Users\Acer\.m2\repository\org\springframework\spring-context-support\6.0.8\spring-context-support-6.0.8.jar;C:\Users\Acer\.m2\repository\org\eclipse\angus\jakarta.mail\1.0.0\jakarta.mail-1.0.0.jar;C:\Users\Acer\.m2\repository\org\eclipse\angus\angus-activation\2.0.0\angus-activation-2.0.0.jar;C:\Users\Acer\.m2\repository\org\modelmapper\modelmapper\3.1.1\modelmapper-3.1.1.jar;"/>
    <property name="sun.cpu.endian" value="little"/>
    <property name="user.home" value="C:\Users\Acer"/>
    <property name="user.language" value="en"/>
    <property name="java.specification.vendor" value="Oracle Corporation"/>
    <property name="java.version.date" value="2023-04-18"/>
    <property name="java.home" value="C:\Program Files\Java\jdk-20"/>
    <property name="file.separator" value="\"/>
    <property name="basedir" value="C:\Users\Acer\Documents\IdeaProject\Capstone\springboot-backend"/>
    <property name="java.vm.compressedOopsMode" value="Zero based"/>
    <property name="line.separator" value="&#10;"/>
    <property name="java.vm.specification.vendor" value="Oracle Corporation"/>
    <property name="java.specification.name" value="Java Platform API Specification"/>
    <property name="surefire.real.class.path" value="C:\Users\Acer\AppData\Local\Temp\surefire8916105034077310073\surefirebooter5947616195666385226.jar"/>
    <property name="user.script" value=""/>
    <property name="sun.management.compiler" value="HotSpot 64-Bit Tiered Compilers"/>
    <property name="java.runtime.version" value="20.0.1+9-29"/>
    <property name="user.name" value="Acer"/>
    <property name="stdout.encoding" value="Cp1252"/>
    <property name="path.separator" value=";"/>
    <property name="os.version" value="10.0"/>
    <property name="java.runtime.name" value="Java(TM) SE Runtime Environment"/>
    <property name="file.encoding" value="UTF-8"/>
    <property name="java.vm.name" value="Java HotSpot(TM) 64-Bit Server VM"/>
    <property name="localRepository" value="C:\Users\Acer\.m2\repository"/>
    <property name="java.vendor.url.bug" value="https://bugreport.java.com/bugreport/"/>
    <property name="java.io.tmpdir" value="C:\Users\Acer\AppData\Local\Temp\"/>
    <property name="idea.version" value="2023.1.3"/>
    <property name="java.version" value="20.0.1"/>
    <property name="user.dir" value="C:\Users\Acer\Documents\IdeaProject\Capstone\springboot-backend"/>
    <property name="os.arch" value="amd64"/>
    <property name="java.vm.specification.name" value="Java Virtual Machine Specification"/>
    <property name="sun.os.patch.level" value=""/>
    <property name="native.encoding" value="Cp1252"/>
    <property name="java.library.path" value="C:\Program Files\Java\jdk-20\bin;C:\WINDOWS\Sun\Java\bin;C:\WINDOWS\system32;C:\WINDOWS;C:\ProgramData\Oracle\Java\javapath;C:\Program Files\Common Files\Oracle\Java\javapath;C:\Windows\system32;C:\Windows;C:\Windows\System32\Wbem;C:\Windows\System32\WindowsPowerShell\v1.0\;C:\Windows\System32\OpenSSH\;C:\Program Files (x86)\Intel\Intel(R) Management Engine Components\DAL;C:\Program Files\Intel\Intel(R) Management Engine Components\DAL;C:\Program Files\NVIDIA Corporation\NVIDIA NGX;C:\Program Files (x86)\NVIDIA Corporation\PhysX\Common;C:\Program Files\NVIDIA Corporation\NVIDIA NvDLISR;C:\WINDOWS\system32;C:\WINDOWS;C:\WINDOWS\System32\Wbem;C:\WINDOWS\System32\WindowsPowerShell\v1.0\;C:\WINDOWS\System32\OpenSSH\;C:\Program Files\Microsoft SQL Server\Client SDK\ODBC\170\Tools\Binn\;C:\Program Files (x86)\Microsoft SQL Server\150\Tools\Binn\;C:\Program Files\Microsoft SQL Server\150\Tools\Binn\;C:\Program Files\Microsoft SQL Server\150\DTS\Binn\;C:\Program Files\nodejs\;C:\Program Files\Git\cmd;D:\apache-maven-3.9.3-bin\apache-maven-3.9.3\bin;C:\Program Files\MySQL\MySQL Shell 8.0\bin\;C:\Users\Acer\AppData\Local\Microsoft\WindowsApps;C:\Program Files\Azure Data Studio\bin;C:\Program Files\JetBrains\IntelliJ IDEA 2023.1.1\bin;;D:\Microsoft VS Code\bin;C:\Users\Acer\AppData\Roaming\npm;C:\Users\Acer\AppData\Local\GitHubDesktop\bin;%M2_HOME%\bin;;."/>
    <property name="java.vm.info" value="mixed mode, sharing"/>
    <property name="stderr.encoding" value="Cp1252"/>
    <property name="java.vendor" value="Oracle Corporation"/>
    <property name="java.vm.version" value="20.0.1+9-29"/>
    <property name="sun.io.unicode.encoding" value="UnicodeLittle"/>
    <property name="java.class.version" value="64.0"/>
  </properties>
  <testcase name="testGetUser{String, String, String, String, String, String, String, String, String, String, String, String, String}[1]" classname="com.capstone.project.controller.UserControllerTest" time="2.137"/>
  <testcase name="testGetUser{String, String, String, String, String, String, String, String, String, String, String, String, String}[2]" classname="com.capstone.project.controller.UserControllerTest" time="0.026"/>
  <testcase name="testUpdateUser{String, String, String, String, String, String, String, String, String, String, String, String, String}[1]" classname="com.capstone.project.controller.UserControllerTest" time="0.185">
    <failure message="Status expected:&lt;200&gt; but was:&lt;400&gt;" type="java.lang.AssertionError"><![CDATA[java.lang.AssertionError: Status expected:<200> but was:<400>
	at com.capstone.project.controller.UserControllerTest.testUpdateUser(UserControllerTest.java:152)
]]></failure>
    <system-out><![CDATA[23:29:52.253 [main] DEBUG org.hibernate.validator.messageinterpolation.ResourceBundleMessageInterpolator -- Loaded expression factory via original TCCL
23:29:52.253 [main] DEBUG org.hibernate.validator.internal.engine.AbstractConfigurationImpl -- Setting custom MessageInterpolator of type org.springframework.validation.beanvalidation.LocaleContextMessageInterpolator
23:29:52.253 [main] DEBUG org.hibernate.validator.internal.xml.config.ValidationXmlParser -- Trying to load META-INF/validation.xml for XML based Validator configuration.
23:29:52.254 [main] DEBUG org.hibernate.validator.internal.xml.config.ResourceLoaderHelper -- Trying to load META-INF/validation.xml via TCCL
23:29:52.254 [main] DEBUG org.hibernate.validator.internal.xml.config.ResourceLoaderHelper -- Trying to load META-INF/validation.xml via Hibernate Validator's class loader
23:29:52.254 [main] DEBUG org.hibernate.validator.internal.xml.config.ValidationXmlParser -- No META-INF/validation.xml found. Using annotation based configuration only.
23:29:52.254 [main] DEBUG org.hibernate.validator.internal.engine.resolver.TraversableResolvers -- Found jakarta.persistence.Persistence on classpath containing 'getPersistenceUtil'. Assuming JPA 2 environment. Trying to instantiate JPA aware TraversableResolver
23:29:52.254 [main] DEBUG org.hibernate.validator.internal.engine.resolver.TraversableResolvers -- Instantiated JPA aware TraversableResolver of type org.hibernate.validator.internal.engine.resolver.JPATraversableResolver.
23:29:52.256 [main] DEBUG org.hibernate.validator.internal.engine.ValidatorFactoryConfigurationHelper -- HV000252: Using org.hibernate.validator.internal.engine.DefaultPropertyNodeNameProvider as property node name provider.
23:29:52.256 [main] DEBUG org.hibernate.validator.internal.engine.ValidatorFactoryConfigurationHelper -- HV000234: Using org.springframework.validation.beanvalidation.LocaleContextMessageInterpolator as ValidatorFactory-scoped message interpolator.
23:29:52.256 [main] DEBUG org.hibernate.validator.internal.engine.ValidatorFactoryConfigurationHelper -- HV000234: Using org.hibernate.validator.internal.engine.resolver.JPATraversableResolver as ValidatorFactory-scoped traversable resolver.
23:29:52.256 [main] DEBUG org.hibernate.validator.internal.engine.ValidatorFactoryConfigurationHelper -- HV000234: Using org.hibernate.validator.internal.util.ExecutableParameterNameProvider as ValidatorFactory-scoped parameter name provider.
23:29:52.257 [main] DEBUG org.hibernate.validator.internal.engine.ValidatorFactoryConfigurationHelper -- HV000234: Using org.hibernate.validator.internal.engine.DefaultClockProvider as ValidatorFactory-scoped clock provider.
23:29:52.257 [main] DEBUG org.hibernate.validator.internal.engine.ValidatorFactoryConfigurationHelper -- HV000234: Using org.hibernate.validator.internal.engine.scripting.DefaultScriptEvaluatorFactory as ValidatorFactory-scoped script evaluator factory.
23:29:52.266 [main] DEBUG _org.springframework.web.servlet.HandlerMapping.Mappings -- 
	c.c.p.c.UserController:
	{PUT [/api/v1/users/{username}]}: updateUser(String,UserRequest,BindingResult)
	{GET [/api/v1/users/{username}/ban]}: banUser(String)
	{GET [/api/v1/otherusers/{except}]}: findAllNameExcept(String)
	{GET [/api/v1/users/{username}/recover]}: recoverUser(String)
	{GET [/api/v1/users/{username}/delete]}: deleteUser(String)
	{GET [/api/v1/sendverify]}: sendVerificationEmail(String)
	{GET [/api/v1/sendreset]}: sendResetPasswordEmail(String)
	{GET [/api/v1/verify]}: verifyAccount(String)
	{POST [/api/v1/reset]}: resetPassword(String,String,ChangePasswordRequest,BindingResult)
	{POST [/api/v1/checkpassword]}: checkMatchPassword(String,ChangePasswordRequest,BindingResult)
	{POST [/api/v1/changepassword]}: changePassword(String,ChangePasswordRequest,BindingResult)
	{GET [/api/v1/users/{username}]}: getUser(String)
23:29:52.270 [main] DEBUG org.springframework.web.servlet.mvc.method.annotation.RequestMappingHandlerMapping -- 12 mappings in org.springframework.web.servlet.mvc.method.annotation.RequestMappingHandlerMapping
23:29:52.273 [main] DEBUG org.springframework.web.servlet.mvc.method.annotation.RequestMappingHandlerAdapter -- ControllerAdvice beans: 0 @ModelAttribute, 0 @InitBinder, 1 RequestBodyAdvice, 1 ResponseBodyAdvice
23:29:52.273 [main] DEBUG org.springframework.web.servlet.mvc.method.annotation.ExceptionHandlerExceptionResolver -- ControllerAdvice beans: 0 @ExceptionHandler, 1 ResponseBodyAdvice
23:29:52.273 [main] INFO org.springframework.mock.web.MockServletContext -- Initializing Spring TestDispatcherServlet ''
23:29:52.273 [main] INFO org.springframework.test.web.servlet.TestDispatcherServlet -- Initializing Servlet ''
23:29:52.273 [main] DEBUG org.springframework.test.web.servlet.TestDispatcherServlet -- Detected AcceptHeaderLocaleResolver
23:29:52.273 [main] DEBUG org.springframework.test.web.servlet.TestDispatcherServlet -- Detected FixedThemeResolver
23:29:52.273 [main] DEBUG org.springframework.test.web.servlet.TestDispatcherServlet -- Detected org.springframework.web.servlet.view.DefaultRequestToViewNameTranslator@20801cbb
23:29:52.273 [main] DEBUG org.springframework.test.web.servlet.TestDispatcherServlet -- Detected org.springframework.web.servlet.support.SessionFlashMapManager@581b1c08
23:29:52.273 [main] DEBUG org.springframework.test.web.servlet.TestDispatcherServlet -- enableLoggingRequestDetails='false': request parameters and headers will be masked to prevent unsafe logging of potentially sensitive data
23:29:52.273 [main] INFO org.springframework.test.web.servlet.TestDispatcherServlet -- Completed initialization in 0 ms
23:29:52.287 [main] DEBUG org.springframework.test.web.servlet.TestDispatcherServlet -- PUT "/api/v1/users/test_long", parameters={}
23:29:52.287 [main] DEBUG org.springframework.web.servlet.mvc.method.annotation.RequestMappingHandlerMapping -- Mapped to com.capstone.project.controller.UserController#updateUser(String, UserRequest, BindingResult)
23:29:52.418 [main] DEBUG org.springframework.web.method.HandlerMethod -- Could not resolve parameter [1] in public org.springframework.http.ResponseEntity<?> com.capstone.project.controller.UserController.updateUser(java.lang.String,com.capstone.project.dto.UserRequest,org.springframework.validation.BindingResult): JSON parse error: Invalid date format. Date must be in the format of YYYY-MM-DD
23:29:52.424 [main] WARN org.springframework.web.servlet.mvc.support.DefaultHandlerExceptionResolver -- Resolved [org.springframework.http.converter.HttpMessageNotReadableException: JSON parse error: Invalid date format. Date must be in the format of YYYY-MM-DD]
23:29:52.425 [main] DEBUG org.springframework.test.web.servlet.TestDispatcherServlet -- Completed 400 BAD_REQUEST
]]></system-out>
  </testcase>
  <testcase name="testUpdateUser{String, String, String, String, String, String, String, String, String, String, String, String, String}[2]" classname="com.capstone.project.controller.UserControllerTest" time="0.036">
    <failure message="Status expected:&lt;200&gt; but was:&lt;400&gt;" type="java.lang.AssertionError"><![CDATA[java.lang.AssertionError: Status expected:<200> but was:<400>
	at com.capstone.project.controller.UserControllerTest.testUpdateUser(UserControllerTest.java:152)
]]></failure>
    <system-out><![CDATA[23:29:52.440 [main] DEBUG org.hibernate.validator.messageinterpolation.ResourceBundleMessageInterpolator -- Loaded expression factory via original TCCL
23:29:52.440 [main] DEBUG org.hibernate.validator.internal.engine.AbstractConfigurationImpl -- Setting custom MessageInterpolator of type org.springframework.validation.beanvalidation.LocaleContextMessageInterpolator
23:29:52.441 [main] DEBUG org.hibernate.validator.internal.xml.config.ValidationXmlParser -- Trying to load META-INF/validation.xml for XML based Validator configuration.
23:29:52.441 [main] DEBUG org.hibernate.validator.internal.xml.config.ResourceLoaderHelper -- Trying to load META-INF/validation.xml via TCCL
23:29:52.441 [main] DEBUG org.hibernate.validator.internal.xml.config.ResourceLoaderHelper -- Trying to load META-INF/validation.xml via Hibernate Validator's class loader
23:29:52.441 [main] DEBUG org.hibernate.validator.internal.xml.config.ValidationXmlParser -- No META-INF/validation.xml found. Using annotation based configuration only.
23:29:52.441 [main] DEBUG org.hibernate.validator.internal.engine.resolver.TraversableResolvers -- Found jakarta.persistence.Persistence on classpath containing 'getPersistenceUtil'. Assuming JPA 2 environment. Trying to instantiate JPA aware TraversableResolver
23:29:52.441 [main] DEBUG org.hibernate.validator.internal.engine.resolver.TraversableResolvers -- Instantiated JPA aware TraversableResolver of type org.hibernate.validator.internal.engine.resolver.JPATraversableResolver.
23:29:52.443 [main] DEBUG org.hibernate.validator.internal.engine.ValidatorFactoryConfigurationHelper -- HV000252: Using org.hibernate.validator.internal.engine.DefaultPropertyNodeNameProvider as property node name provider.
23:29:52.444 [main] DEBUG org.hibernate.validator.internal.engine.ValidatorFactoryConfigurationHelper -- HV000234: Using org.springframework.validation.beanvalidation.LocaleContextMessageInterpolator as ValidatorFactory-scoped message interpolator.
23:29:52.444 [main] DEBUG org.hibernate.validator.internal.engine.ValidatorFactoryConfigurationHelper -- HV000234: Using org.hibernate.validator.internal.engine.resolver.JPATraversableResolver as ValidatorFactory-scoped traversable resolver.
23:29:52.444 [main] DEBUG org.hibernate.validator.internal.engine.ValidatorFactoryConfigurationHelper -- HV000234: Using org.hibernate.validator.internal.util.ExecutableParameterNameProvider as ValidatorFactory-scoped parameter name provider.
23:29:52.444 [main] DEBUG org.hibernate.validator.internal.engine.ValidatorFactoryConfigurationHelper -- HV000234: Using org.hibernate.validator.internal.engine.DefaultClockProvider as ValidatorFactory-scoped clock provider.
23:29:52.444 [main] DEBUG org.hibernate.validator.internal.engine.ValidatorFactoryConfigurationHelper -- HV000234: Using org.hibernate.validator.internal.engine.scripting.DefaultScriptEvaluatorFactory as ValidatorFactory-scoped script evaluator factory.
23:29:52.451 [main] DEBUG _org.springframework.web.servlet.HandlerMapping.Mappings -- 
	c.c.p.c.UserController:
	{PUT [/api/v1/users/{username}]}: updateUser(String,UserRequest,BindingResult)
	{GET [/api/v1/users/{username}/ban]}: banUser(String)
	{GET [/api/v1/otherusers/{except}]}: findAllNameExcept(String)
	{GET [/api/v1/users/{username}/recover]}: recoverUser(String)
	{GET [/api/v1/users/{username}/delete]}: deleteUser(String)
	{GET [/api/v1/sendverify]}: sendVerificationEmail(String)
	{GET [/api/v1/sendreset]}: sendResetPasswordEmail(String)
	{GET [/api/v1/verify]}: verifyAccount(String)
	{POST [/api/v1/reset]}: resetPassword(String,String,ChangePasswordRequest,BindingResult)
	{POST [/api/v1/checkpassword]}: checkMatchPassword(String,ChangePasswordRequest,BindingResult)
	{POST [/api/v1/changepassword]}: changePassword(String,ChangePasswordRequest,BindingResult)
	{GET [/api/v1/users/{username}]}: getUser(String)
23:29:52.455 [main] DEBUG org.springframework.web.servlet.mvc.method.annotation.RequestMappingHandlerMapping -- 12 mappings in org.springframework.web.servlet.mvc.method.annotation.RequestMappingHandlerMapping
23:29:52.457 [main] DEBUG org.springframework.web.servlet.mvc.method.annotation.RequestMappingHandlerAdapter -- ControllerAdvice beans: 0 @ModelAttribute, 0 @InitBinder, 1 RequestBodyAdvice, 1 ResponseBodyAdvice
23:29:52.457 [main] DEBUG org.springframework.web.servlet.mvc.method.annotation.ExceptionHandlerExceptionResolver -- ControllerAdvice beans: 0 @ExceptionHandler, 1 ResponseBodyAdvice
23:29:52.457 [main] INFO org.springframework.mock.web.MockServletContext -- Initializing Spring TestDispatcherServlet ''
23:29:52.458 [main] INFO org.springframework.test.web.servlet.TestDispatcherServlet -- Initializing Servlet ''
23:29:52.458 [main] DEBUG org.springframework.test.web.servlet.TestDispatcherServlet -- Detected AcceptHeaderLocaleResolver
23:29:52.458 [main] DEBUG org.springframework.test.web.servlet.TestDispatcherServlet -- Detected FixedThemeResolver
23:29:52.458 [main] DEBUG org.springframework.test.web.servlet.TestDispatcherServlet -- Detected org.springframework.web.servlet.view.DefaultRequestToViewNameTranslator@611e5819
23:29:52.458 [main] DEBUG org.springframework.test.web.servlet.TestDispatcherServlet -- Detected org.springframework.web.servlet.support.SessionFlashMapManager@681c0ae6
23:29:52.458 [main] DEBUG org.springframework.test.web.servlet.TestDispatcherServlet -- enableLoggingRequestDetails='false': request parameters and headers will be masked to prevent unsafe logging of potentially sensitive data
23:29:52.458 [main] INFO org.springframework.test.web.servlet.TestDispatcherServlet -- Completed initialization in 0 ms
23:29:52.466 [main] DEBUG org.springframework.test.web.servlet.TestDispatcherServlet -- PUT "/api/v1/users/test_long", parameters={}
23:29:52.466 [main] DEBUG org.springframework.web.servlet.mvc.method.annotation.RequestMappingHandlerMapping -- Mapped to com.capstone.project.controller.UserController#updateUser(String, UserRequest, BindingResult)
23:29:52.471 [main] DEBUG org.springframework.web.method.HandlerMethod -- Could not resolve parameter [1] in public org.springframework.http.ResponseEntity<?> com.capstone.project.controller.UserController.updateUser(java.lang.String,com.capstone.project.dto.UserRequest,org.springframework.validation.BindingResult): JSON parse error: Invalid date format. Date must be in the format of YYYY-MM-DD
23:29:52.472 [main] WARN org.springframework.web.servlet.mvc.support.DefaultHandlerExceptionResolver -- Resolved [org.springframework.http.converter.HttpMessageNotReadableException: JSON parse error: Invalid date format. Date must be in the format of YYYY-MM-DD]
23:29:52.472 [main] DEBUG org.springframework.test.web.servlet.TestDispatcherServlet -- Completed 400 BAD_REQUEST
]]></system-out>
  </testcase>
  <testcase name="testFindAllNameExcept{String, int}[1]" classname="com.capstone.project.controller.UserControllerTest" time="0.043"/>
  <testcase name="testFindAllNameExcept{String, int}[2]" classname="com.capstone.project.controller.UserControllerTest" time="0.022"/>
  <testcase name="testFindAllNameExcept{String, int}[3]" classname="com.capstone.project.controller.UserControllerTest" time="0.02"/>
  <testcase name="testFindAllNameExcept{String, int}[4]" classname="com.capstone.project.controller.UserControllerTest" time="0.017"/>
  <testcase name="testBanUser{String, boolean}[1]" classname="com.capstone.project.controller.UserControllerTest" time="0.024">
    <failure message="No value at JSON path &quot;$.success&quot;" type="java.lang.AssertionError">java.lang.AssertionError: No value at JSON path "$.success"
	at com.capstone.project.controller.UserControllerTest.testBanUser(UserControllerTest.java:207)
Caused by: com.jayway.jsonpath.PathNotFoundException: Expected to find an object with property ['success'] in path $ but found 'java.lang.Boolean'. This is not a json object according to the JsonProvider: 'com.jayway.jsonpath.spi.json.JsonSmartJsonProvider'.
</failure>
    <system-out><![CDATA[23:29:52.585 [main] DEBUG org.hibernate.validator.messageinterpolation.ResourceBundleMessageInterpolator -- Loaded expression factory via original TCCL
23:29:52.585 [main] DEBUG org.hibernate.validator.internal.engine.AbstractConfigurationImpl -- Setting custom MessageInterpolator of type org.springframework.validation.beanvalidation.LocaleContextMessageInterpolator
23:29:52.585 [main] DEBUG org.hibernate.validator.internal.xml.config.ValidationXmlParser -- Trying to load META-INF/validation.xml for XML based Validator configuration.
23:29:52.585 [main] DEBUG org.hibernate.validator.internal.xml.config.ResourceLoaderHelper -- Trying to load META-INF/validation.xml via TCCL
23:29:52.586 [main] DEBUG org.hibernate.validator.internal.xml.config.ResourceLoaderHelper -- Trying to load META-INF/validation.xml via Hibernate Validator's class loader
23:29:52.586 [main] DEBUG org.hibernate.validator.internal.xml.config.ValidationXmlParser -- No META-INF/validation.xml found. Using annotation based configuration only.
23:29:52.586 [main] DEBUG org.hibernate.validator.internal.engine.resolver.TraversableResolvers -- Found jakarta.persistence.Persistence on classpath containing 'getPersistenceUtil'. Assuming JPA 2 environment. Trying to instantiate JPA aware TraversableResolver
23:29:52.586 [main] DEBUG org.hibernate.validator.internal.engine.resolver.TraversableResolvers -- Instantiated JPA aware TraversableResolver of type org.hibernate.validator.internal.engine.resolver.JPATraversableResolver.
23:29:52.588 [main] DEBUG org.hibernate.validator.internal.engine.ValidatorFactoryConfigurationHelper -- HV000252: Using org.hibernate.validator.internal.engine.DefaultPropertyNodeNameProvider as property node name provider.
23:29:52.589 [main] DEBUG org.hibernate.validator.internal.engine.ValidatorFactoryConfigurationHelper -- HV000234: Using org.springframework.validation.beanvalidation.LocaleContextMessageInterpolator as ValidatorFactory-scoped message interpolator.
23:29:52.589 [main] DEBUG org.hibernate.validator.internal.engine.ValidatorFactoryConfigurationHelper -- HV000234: Using org.hibernate.validator.internal.engine.resolver.JPATraversableResolver as ValidatorFactory-scoped traversable resolver.
23:29:52.589 [main] DEBUG org.hibernate.validator.internal.engine.ValidatorFactoryConfigurationHelper -- HV000234: Using org.hibernate.validator.internal.util.ExecutableParameterNameProvider as ValidatorFactory-scoped parameter name provider.
23:29:52.589 [main] DEBUG org.hibernate.validator.internal.engine.ValidatorFactoryConfigurationHelper -- HV000234: Using org.hibernate.validator.internal.engine.DefaultClockProvider as ValidatorFactory-scoped clock provider.
23:29:52.589 [main] DEBUG org.hibernate.validator.internal.engine.ValidatorFactoryConfigurationHelper -- HV000234: Using org.hibernate.validator.internal.engine.scripting.DefaultScriptEvaluatorFactory as ValidatorFactory-scoped script evaluator factory.
23:29:52.593 [main] DEBUG _org.springframework.web.servlet.HandlerMapping.Mappings -- 
	c.c.p.c.UserController:
	{PUT [/api/v1/users/{username}]}: updateUser(String,UserRequest,BindingResult)
	{GET [/api/v1/users/{username}/ban]}: banUser(String)
	{GET [/api/v1/otherusers/{except}]}: findAllNameExcept(String)
	{GET [/api/v1/users/{username}/recover]}: recoverUser(String)
	{GET [/api/v1/users/{username}/delete]}: deleteUser(String)
	{GET [/api/v1/sendverify]}: sendVerificationEmail(String)
	{GET [/api/v1/sendreset]}: sendResetPasswordEmail(String)
	{GET [/api/v1/verify]}: verifyAccount(String)
	{POST [/api/v1/reset]}: resetPassword(String,String,ChangePasswordRequest,BindingResult)
	{POST [/api/v1/checkpassword]}: checkMatchPassword(String,ChangePasswordRequest,BindingResult)
	{POST [/api/v1/changepassword]}: changePassword(String,ChangePasswordRequest,BindingResult)
	{GET [/api/v1/users/{username}]}: getUser(String)
23:29:52.595 [main] DEBUG org.springframework.web.servlet.mvc.method.annotation.RequestMappingHandlerMapping -- 12 mappings in org.springframework.web.servlet.mvc.method.annotation.RequestMappingHandlerMapping
23:29:52.596 [main] DEBUG org.springframework.web.servlet.mvc.method.annotation.RequestMappingHandlerAdapter -- ControllerAdvice beans: 0 @ModelAttribute, 0 @InitBinder, 1 RequestBodyAdvice, 1 ResponseBodyAdvice
23:29:52.597 [main] DEBUG org.springframework.web.servlet.mvc.method.annotation.ExceptionHandlerExceptionResolver -- ControllerAdvice beans: 0 @ExceptionHandler, 1 ResponseBodyAdvice
23:29:52.597 [main] INFO org.springframework.mock.web.MockServletContext -- Initializing Spring TestDispatcherServlet ''
23:29:52.597 [main] INFO org.springframework.test.web.servlet.TestDispatcherServlet -- Initializing Servlet ''
23:29:52.597 [main] DEBUG org.springframework.test.web.servlet.TestDispatcherServlet -- Detected AcceptHeaderLocaleResolver
23:29:52.597 [main] DEBUG org.springframework.test.web.servlet.TestDispatcherServlet -- Detected FixedThemeResolver
23:29:52.597 [main] DEBUG org.springframework.test.web.servlet.TestDispatcherServlet -- Detected org.springframework.web.servlet.view.DefaultRequestToViewNameTranslator@413d2cd1
23:29:52.597 [main] DEBUG org.springframework.test.web.servlet.TestDispatcherServlet -- Detected org.springframework.web.servlet.support.SessionFlashMapManager@644d1b61
23:29:52.597 [main] DEBUG org.springframework.test.web.servlet.TestDispatcherServlet -- enableLoggingRequestDetails='false': request parameters and headers will be masked to prevent unsafe logging of potentially sensitive data
23:29:52.597 [main] INFO org.springframework.test.web.servlet.TestDispatcherServlet -- Completed initialization in 0 ms
23:29:52.600 [main] DEBUG org.springframework.test.web.servlet.TestDispatcherServlet -- GET "/api/v1/users/test_long/ban", parameters={}
23:29:52.600 [main] DEBUG org.springframework.web.servlet.mvc.method.annotation.RequestMappingHandlerMapping -- Mapped to com.capstone.project.controller.UserController#banUser(String)
23:29:52.604 [main] DEBUG org.springframework.web.servlet.mvc.method.annotation.HttpEntityMethodProcessor -- Using 'application/json', given [*/*] and supported [application/json, application/*+json]
23:29:52.604 [main] DEBUG org.springframework.web.servlet.mvc.method.annotation.HttpEntityMethodProcessor -- Writing [true]
23:29:52.605 [main] DEBUG org.springframework.test.web.servlet.TestDispatcherServlet -- Completed 200 OK
23:29:52.605 [main] DEBUG com.jayway.jsonpath.internal.path.CompiledPath -- Evaluating path: $['success']
]]></system-out>
  </testcase>
  <testcase name="testBanUser{String, boolean}[2]" classname="com.capstone.project.controller.UserControllerTest" time="0.017">
    <failure message="No value at JSON path &quot;$.success&quot;" type="java.lang.AssertionError">java.lang.AssertionError: No value at JSON path "$.success"
	at com.capstone.project.controller.UserControllerTest.testBanUser(UserControllerTest.java:207)
Caused by: com.jayway.jsonpath.PathNotFoundException: Expected to find an object with property ['success'] in path $ but found 'java.lang.Boolean'. This is not a json object according to the JsonProvider: 'com.jayway.jsonpath.spi.json.JsonSmartJsonProvider'.
</failure>
    <system-out><![CDATA[23:29:52.609 [main] DEBUG org.hibernate.validator.messageinterpolation.ResourceBundleMessageInterpolator -- Loaded expression factory via original TCCL
23:29:52.609 [main] DEBUG org.hibernate.validator.internal.engine.AbstractConfigurationImpl -- Setting custom MessageInterpolator of type org.springframework.validation.beanvalidation.LocaleContextMessageInterpolator
23:29:52.609 [main] DEBUG org.hibernate.validator.internal.xml.config.ValidationXmlParser -- Trying to load META-INF/validation.xml for XML based Validator configuration.
23:29:52.609 [main] DEBUG org.hibernate.validator.internal.xml.config.ResourceLoaderHelper -- Trying to load META-INF/validation.xml via TCCL
23:29:52.609 [main] DEBUG org.hibernate.validator.internal.xml.config.ResourceLoaderHelper -- Trying to load META-INF/validation.xml via Hibernate Validator's class loader
23:29:52.609 [main] DEBUG org.hibernate.validator.internal.xml.config.ValidationXmlParser -- No META-INF/validation.xml found. Using annotation based configuration only.
23:29:52.610 [main] DEBUG org.hibernate.validator.internal.engine.resolver.TraversableResolvers -- Found jakarta.persistence.Persistence on classpath containing 'getPersistenceUtil'. Assuming JPA 2 environment. Trying to instantiate JPA aware TraversableResolver
23:29:52.610 [main] DEBUG org.hibernate.validator.internal.engine.resolver.TraversableResolvers -- Instantiated JPA aware TraversableResolver of type org.hibernate.validator.internal.engine.resolver.JPATraversableResolver.
23:29:52.611 [main] DEBUG org.hibernate.validator.internal.engine.ValidatorFactoryConfigurationHelper -- HV000252: Using org.hibernate.validator.internal.engine.DefaultPropertyNodeNameProvider as property node name provider.
23:29:52.611 [main] DEBUG org.hibernate.validator.internal.engine.ValidatorFactoryConfigurationHelper -- HV000234: Using org.springframework.validation.beanvalidation.LocaleContextMessageInterpolator as ValidatorFactory-scoped message interpolator.
23:29:52.611 [main] DEBUG org.hibernate.validator.internal.engine.ValidatorFactoryConfigurationHelper -- HV000234: Using org.hibernate.validator.internal.engine.resolver.JPATraversableResolver as ValidatorFactory-scoped traversable resolver.
23:29:52.611 [main] DEBUG org.hibernate.validator.internal.engine.ValidatorFactoryConfigurationHelper -- HV000234: Using org.hibernate.validator.internal.util.ExecutableParameterNameProvider as ValidatorFactory-scoped parameter name provider.
23:29:52.611 [main] DEBUG org.hibernate.validator.internal.engine.ValidatorFactoryConfigurationHelper -- HV000234: Using org.hibernate.validator.internal.engine.DefaultClockProvider as ValidatorFactory-scoped clock provider.
23:29:52.611 [main] DEBUG org.hibernate.validator.internal.engine.ValidatorFactoryConfigurationHelper -- HV000234: Using org.hibernate.validator.internal.engine.scripting.DefaultScriptEvaluatorFactory as ValidatorFactory-scoped script evaluator factory.
23:29:52.614 [main] DEBUG _org.springframework.web.servlet.HandlerMapping.Mappings -- 
	c.c.p.c.UserController:
	{PUT [/api/v1/users/{username}]}: updateUser(String,UserRequest,BindingResult)
	{GET [/api/v1/users/{username}/ban]}: banUser(String)
	{GET [/api/v1/otherusers/{except}]}: findAllNameExcept(String)
	{GET [/api/v1/users/{username}/recover]}: recoverUser(String)
	{GET [/api/v1/users/{username}/delete]}: deleteUser(String)
	{GET [/api/v1/sendverify]}: sendVerificationEmail(String)
	{GET [/api/v1/sendreset]}: sendResetPasswordEmail(String)
	{GET [/api/v1/verify]}: verifyAccount(String)
	{POST [/api/v1/reset]}: resetPassword(String,String,ChangePasswordRequest,BindingResult)
	{POST [/api/v1/checkpassword]}: checkMatchPassword(String,ChangePasswordRequest,BindingResult)
	{POST [/api/v1/changepassword]}: changePassword(String,ChangePasswordRequest,BindingResult)
	{GET [/api/v1/users/{username}]}: getUser(String)
23:29:52.616 [main] DEBUG org.springframework.web.servlet.mvc.method.annotation.RequestMappingHandlerMapping -- 12 mappings in org.springframework.web.servlet.mvc.method.annotation.RequestMappingHandlerMapping
23:29:52.618 [main] DEBUG org.springframework.web.servlet.mvc.method.annotation.RequestMappingHandlerAdapter -- ControllerAdvice beans: 0 @ModelAttribute, 0 @InitBinder, 1 RequestBodyAdvice, 1 ResponseBodyAdvice
23:29:52.618 [main] DEBUG org.springframework.web.servlet.mvc.method.annotation.ExceptionHandlerExceptionResolver -- ControllerAdvice beans: 0 @ExceptionHandler, 1 ResponseBodyAdvice
23:29:52.618 [main] INFO org.springframework.mock.web.MockServletContext -- Initializing Spring TestDispatcherServlet ''
23:29:52.618 [main] INFO org.springframework.test.web.servlet.TestDispatcherServlet -- Initializing Servlet ''
23:29:52.618 [main] DEBUG org.springframework.test.web.servlet.TestDispatcherServlet -- Detected AcceptHeaderLocaleResolver
23:29:52.618 [main] DEBUG org.springframework.test.web.servlet.TestDispatcherServlet -- Detected FixedThemeResolver
23:29:52.618 [main] DEBUG org.springframework.test.web.servlet.TestDispatcherServlet -- Detected org.springframework.web.servlet.view.DefaultRequestToViewNameTranslator@6cbb175
23:29:52.619 [main] DEBUG org.springframework.test.web.servlet.TestDispatcherServlet -- Detected org.springframework.web.servlet.support.SessionFlashMapManager@38fb50f8
23:29:52.619 [main] DEBUG org.springframework.test.web.servlet.TestDispatcherServlet -- enableLoggingRequestDetails='false': request parameters and headers will be masked to prevent unsafe logging of potentially sensitive data
23:29:52.619 [main] INFO org.springframework.test.web.servlet.TestDispatcherServlet -- Completed initialization in 1 ms
23:29:52.620 [main] DEBUG org.springframework.test.web.servlet.TestDispatcherServlet -- GET "/api/v1/users/test_long/ban", parameters={}
23:29:52.620 [main] DEBUG org.springframework.web.servlet.mvc.method.annotation.RequestMappingHandlerMapping -- Mapped to com.capstone.project.controller.UserController#banUser(String)
23:29:52.621 [main] DEBUG org.springframework.web.servlet.mvc.method.annotation.HttpEntityMethodProcessor -- Using 'application/json', given [*/*] and supported [application/json, application/*+json]
23:29:52.621 [main] DEBUG org.springframework.web.servlet.mvc.method.annotation.HttpEntityMethodProcessor -- Writing [false]
23:29:52.621 [main] DEBUG org.springframework.test.web.servlet.TestDispatcherServlet -- Completed 200 OK
23:29:52.621 [main] DEBUG com.jayway.jsonpath.internal.path.CompiledPath -- Evaluating path: $['success']
]]></system-out>
  </testcase>
  <testcase name="testDeleteUser{String, boolean}[1]" classname="com.capstone.project.controller.UserControllerTest" time="0.024">
    <failure message="No value at JSON path &quot;$.success&quot;" type="java.lang.AssertionError">java.lang.AssertionError: No value at JSON path "$.success"
	at com.capstone.project.controller.UserControllerTest.testDeleteUser(UserControllerTest.java:221)
Caused by: com.jayway.jsonpath.PathNotFoundException: Expected to find an object with property ['success'] in path $ but found 'java.lang.Boolean'. This is not a json object according to the JsonProvider: 'com.jayway.jsonpath.spi.json.JsonSmartJsonProvider'.
</failure>
    <system-out><![CDATA[23:29:52.628 [main] DEBUG org.hibernate.validator.messageinterpolation.ResourceBundleMessageInterpolator -- Loaded expression factory via original TCCL
23:29:52.628 [main] DEBUG org.hibernate.validator.internal.engine.AbstractConfigurationImpl -- Setting custom MessageInterpolator of type org.springframework.validation.beanvalidation.LocaleContextMessageInterpolator
23:29:52.628 [main] DEBUG org.hibernate.validator.internal.xml.config.ValidationXmlParser -- Trying to load META-INF/validation.xml for XML based Validator configuration.
23:29:52.628 [main] DEBUG org.hibernate.validator.internal.xml.config.ResourceLoaderHelper -- Trying to load META-INF/validation.xml via TCCL
23:29:52.629 [main] DEBUG org.hibernate.validator.internal.xml.config.ResourceLoaderHelper -- Trying to load META-INF/validation.xml via Hibernate Validator's class loader
23:29:52.629 [main] DEBUG org.hibernate.validator.internal.xml.config.ValidationXmlParser -- No META-INF/validation.xml found. Using annotation based configuration only.
23:29:52.629 [main] DEBUG org.hibernate.validator.internal.engine.resolver.TraversableResolvers -- Found jakarta.persistence.Persistence on classpath containing 'getPersistenceUtil'. Assuming JPA 2 environment. Trying to instantiate JPA aware TraversableResolver
23:29:52.629 [main] DEBUG org.hibernate.validator.internal.engine.resolver.TraversableResolvers -- Instantiated JPA aware TraversableResolver of type org.hibernate.validator.internal.engine.resolver.JPATraversableResolver.
23:29:52.631 [main] DEBUG org.hibernate.validator.internal.engine.ValidatorFactoryConfigurationHelper -- HV000252: Using org.hibernate.validator.internal.engine.DefaultPropertyNodeNameProvider as property node name provider.
23:29:52.631 [main] DEBUG org.hibernate.validator.internal.engine.ValidatorFactoryConfigurationHelper -- HV000234: Using org.springframework.validation.beanvalidation.LocaleContextMessageInterpolator as ValidatorFactory-scoped message interpolator.
23:29:52.631 [main] DEBUG org.hibernate.validator.internal.engine.ValidatorFactoryConfigurationHelper -- HV000234: Using org.hibernate.validator.internal.engine.resolver.JPATraversableResolver as ValidatorFactory-scoped traversable resolver.
23:29:52.631 [main] DEBUG org.hibernate.validator.internal.engine.ValidatorFactoryConfigurationHelper -- HV000234: Using org.hibernate.validator.internal.util.ExecutableParameterNameProvider as ValidatorFactory-scoped parameter name provider.
23:29:52.631 [main] DEBUG org.hibernate.validator.internal.engine.ValidatorFactoryConfigurationHelper -- HV000234: Using org.hibernate.validator.internal.engine.DefaultClockProvider as ValidatorFactory-scoped clock provider.
23:29:52.632 [main] DEBUG org.hibernate.validator.internal.engine.ValidatorFactoryConfigurationHelper -- HV000234: Using org.hibernate.validator.internal.engine.scripting.DefaultScriptEvaluatorFactory as ValidatorFactory-scoped script evaluator factory.
23:29:52.635 [main] DEBUG _org.springframework.web.servlet.HandlerMapping.Mappings -- 
	c.c.p.c.UserController:
	{PUT [/api/v1/users/{username}]}: updateUser(String,UserRequest,BindingResult)
	{GET [/api/v1/users/{username}/ban]}: banUser(String)
	{GET [/api/v1/otherusers/{except}]}: findAllNameExcept(String)
	{GET [/api/v1/users/{username}/recover]}: recoverUser(String)
	{GET [/api/v1/users/{username}/delete]}: deleteUser(String)
	{GET [/api/v1/sendverify]}: sendVerificationEmail(String)
	{GET [/api/v1/sendreset]}: sendResetPasswordEmail(String)
	{GET [/api/v1/verify]}: verifyAccount(String)
	{POST [/api/v1/reset]}: resetPassword(String,String,ChangePasswordRequest,BindingResult)
	{POST [/api/v1/checkpassword]}: checkMatchPassword(String,ChangePasswordRequest,BindingResult)
	{POST [/api/v1/changepassword]}: changePassword(String,ChangePasswordRequest,BindingResult)
	{GET [/api/v1/users/{username}]}: getUser(String)
23:29:52.639 [main] DEBUG org.springframework.web.servlet.mvc.method.annotation.RequestMappingHandlerMapping -- 12 mappings in org.springframework.web.servlet.mvc.method.annotation.RequestMappingHandlerMapping
23:29:52.641 [main] DEBUG org.springframework.web.servlet.mvc.method.annotation.RequestMappingHandlerAdapter -- ControllerAdvice beans: 0 @ModelAttribute, 0 @InitBinder, 1 RequestBodyAdvice, 1 ResponseBodyAdvice
23:29:52.641 [main] DEBUG org.springframework.web.servlet.mvc.method.annotation.ExceptionHandlerExceptionResolver -- ControllerAdvice beans: 0 @ExceptionHandler, 1 ResponseBodyAdvice
23:29:52.642 [main] INFO org.springframework.mock.web.MockServletContext -- Initializing Spring TestDispatcherServlet ''
23:29:52.642 [main] INFO org.springframework.test.web.servlet.TestDispatcherServlet -- Initializing Servlet ''
23:29:52.642 [main] DEBUG org.springframework.test.web.servlet.TestDispatcherServlet -- Detected AcceptHeaderLocaleResolver
23:29:52.642 [main] DEBUG org.springframework.test.web.servlet.TestDispatcherServlet -- Detected FixedThemeResolver
23:29:52.642 [main] DEBUG org.springframework.test.web.servlet.TestDispatcherServlet -- Detected org.springframework.web.servlet.view.DefaultRequestToViewNameTranslator@437bd805
23:29:52.642 [main] DEBUG org.springframework.test.web.servlet.TestDispatcherServlet -- Detected org.springframework.web.servlet.support.SessionFlashMapManager@4b88ca8e
23:29:52.642 [main] DEBUG org.springframework.test.web.servlet.TestDispatcherServlet -- enableLoggingRequestDetails='false': request parameters and headers will be masked to prevent unsafe logging of potentially sensitive data
23:29:52.642 [main] INFO org.springframework.test.web.servlet.TestDispatcherServlet -- Completed initialization in 0 ms
23:29:52.644 [main] DEBUG org.springframework.test.web.servlet.TestDispatcherServlet -- GET "/api/v1/users/test_long/delete", parameters={}
23:29:52.645 [main] DEBUG org.springframework.web.servlet.mvc.method.annotation.RequestMappingHandlerMapping -- Mapped to com.capstone.project.controller.UserController#deleteUser(String)
23:29:52.647 [main] DEBUG org.springframework.web.servlet.mvc.method.annotation.HttpEntityMethodProcessor -- Using 'application/json', given [*/*] and supported [application/json, application/*+json]
23:29:52.647 [main] DEBUG org.springframework.web.servlet.mvc.method.annotation.HttpEntityMethodProcessor -- Writing [true]
23:29:52.648 [main] DEBUG org.springframework.test.web.servlet.TestDispatcherServlet -- Completed 200 OK
23:29:52.648 [main] DEBUG com.jayway.jsonpath.internal.path.CompiledPath -- Evaluating path: $['success']
]]></system-out>
  </testcase>
  <testcase name="testDeleteUser{String, boolean}[2]" classname="com.capstone.project.controller.UserControllerTest" time="0.024">
    <failure message="No value at JSON path &quot;$.success&quot;" type="java.lang.AssertionError">java.lang.AssertionError: No value at JSON path "$.success"
	at com.capstone.project.controller.UserControllerTest.testDeleteUser(UserControllerTest.java:221)
Caused by: com.jayway.jsonpath.PathNotFoundException: Expected to find an object with property ['success'] in path $ but found 'java.lang.Boolean'. This is not a json object according to the JsonProvider: 'com.jayway.jsonpath.spi.json.JsonSmartJsonProvider'.
</failure>
    <system-out><![CDATA[23:29:52.653 [main] DEBUG org.hibernate.validator.messageinterpolation.ResourceBundleMessageInterpolator -- Loaded expression factory via original TCCL
23:29:52.653 [main] DEBUG org.hibernate.validator.internal.engine.AbstractConfigurationImpl -- Setting custom MessageInterpolator of type org.springframework.validation.beanvalidation.LocaleContextMessageInterpolator
23:29:52.653 [main] DEBUG org.hibernate.validator.internal.xml.config.ValidationXmlParser -- Trying to load META-INF/validation.xml for XML based Validator configuration.
23:29:52.653 [main] DEBUG org.hibernate.validator.internal.xml.config.ResourceLoaderHelper -- Trying to load META-INF/validation.xml via TCCL
23:29:52.653 [main] DEBUG org.hibernate.validator.internal.xml.config.ResourceLoaderHelper -- Trying to load META-INF/validation.xml via Hibernate Validator's class loader
23:29:52.654 [main] DEBUG org.hibernate.validator.internal.xml.config.ValidationXmlParser -- No META-INF/validation.xml found. Using annotation based configuration only.
23:29:52.654 [main] DEBUG org.hibernate.validator.internal.engine.resolver.TraversableResolvers -- Found jakarta.persistence.Persistence on classpath containing 'getPersistenceUtil'. Assuming JPA 2 environment. Trying to instantiate JPA aware TraversableResolver
23:29:52.654 [main] DEBUG org.hibernate.validator.internal.engine.resolver.TraversableResolvers -- Instantiated JPA aware TraversableResolver of type org.hibernate.validator.internal.engine.resolver.JPATraversableResolver.
23:29:52.656 [main] DEBUG org.hibernate.validator.internal.engine.ValidatorFactoryConfigurationHelper -- HV000252: Using org.hibernate.validator.internal.engine.DefaultPropertyNodeNameProvider as property node name provider.
23:29:52.657 [main] DEBUG org.hibernate.validator.internal.engine.ValidatorFactoryConfigurationHelper -- HV000234: Using org.springframework.validation.beanvalidation.LocaleContextMessageInterpolator as ValidatorFactory-scoped message interpolator.
23:29:52.657 [main] DEBUG org.hibernate.validator.internal.engine.ValidatorFactoryConfigurationHelper -- HV000234: Using org.hibernate.validator.internal.engine.resolver.JPATraversableResolver as ValidatorFactory-scoped traversable resolver.
23:29:52.657 [main] DEBUG org.hibernate.validator.internal.engine.ValidatorFactoryConfigurationHelper -- HV000234: Using org.hibernate.validator.internal.util.ExecutableParameterNameProvider as ValidatorFactory-scoped parameter name provider.
23:29:52.657 [main] DEBUG org.hibernate.validator.internal.engine.ValidatorFactoryConfigurationHelper -- HV000234: Using org.hibernate.validator.internal.engine.DefaultClockProvider as ValidatorFactory-scoped clock provider.
23:29:52.657 [main] DEBUG org.hibernate.validator.internal.engine.ValidatorFactoryConfigurationHelper -- HV000234: Using org.hibernate.validator.internal.engine.scripting.DefaultScriptEvaluatorFactory as ValidatorFactory-scoped script evaluator factory.
23:29:52.661 [main] DEBUG _org.springframework.web.servlet.HandlerMapping.Mappings -- 
	c.c.p.c.UserController:
	{PUT [/api/v1/users/{username}]}: updateUser(String,UserRequest,BindingResult)
	{GET [/api/v1/users/{username}/ban]}: banUser(String)
	{GET [/api/v1/otherusers/{except}]}: findAllNameExcept(String)
	{GET [/api/v1/users/{username}/recover]}: recoverUser(String)
	{GET [/api/v1/users/{username}/delete]}: deleteUser(String)
	{GET [/api/v1/sendverify]}: sendVerificationEmail(String)
	{GET [/api/v1/sendreset]}: sendResetPasswordEmail(String)
	{GET [/api/v1/verify]}: verifyAccount(String)
	{POST [/api/v1/reset]}: resetPassword(String,String,ChangePasswordRequest,BindingResult)
	{POST [/api/v1/checkpassword]}: checkMatchPassword(String,ChangePasswordRequest,BindingResult)
	{POST [/api/v1/changepassword]}: changePassword(String,ChangePasswordRequest,BindingResult)
	{GET [/api/v1/users/{username}]}: getUser(String)
23:29:52.664 [main] DEBUG org.springframework.web.servlet.mvc.method.annotation.RequestMappingHandlerMapping -- 12 mappings in org.springframework.web.servlet.mvc.method.annotation.RequestMappingHandlerMapping
23:29:52.667 [main] DEBUG org.springframework.web.servlet.mvc.method.annotation.RequestMappingHandlerAdapter -- ControllerAdvice beans: 0 @ModelAttribute, 0 @InitBinder, 1 RequestBodyAdvice, 1 ResponseBodyAdvice
23:29:52.667 [main] DEBUG org.springframework.web.servlet.mvc.method.annotation.ExceptionHandlerExceptionResolver -- ControllerAdvice beans: 0 @ExceptionHandler, 1 ResponseBodyAdvice
23:29:52.667 [main] INFO org.springframework.mock.web.MockServletContext -- Initializing Spring TestDispatcherServlet ''
23:29:52.667 [main] INFO org.springframework.test.web.servlet.TestDispatcherServlet -- Initializing Servlet ''
23:29:52.668 [main] DEBUG org.springframework.test.web.servlet.TestDispatcherServlet -- Detected AcceptHeaderLocaleResolver
23:29:52.668 [main] DEBUG org.springframework.test.web.servlet.TestDispatcherServlet -- Detected FixedThemeResolver
23:29:52.668 [main] DEBUG org.springframework.test.web.servlet.TestDispatcherServlet -- Detected org.springframework.web.servlet.view.DefaultRequestToViewNameTranslator@6b63abdc
23:29:52.668 [main] DEBUG org.springframework.test.web.servlet.TestDispatcherServlet -- Detected org.springframework.web.servlet.support.SessionFlashMapManager@7b351446
23:29:52.668 [main] DEBUG org.springframework.test.web.servlet.TestDispatcherServlet -- enableLoggingRequestDetails='false': request parameters and headers will be masked to prevent unsafe logging of potentially sensitive data
23:29:52.668 [main] INFO org.springframework.test.web.servlet.TestDispatcherServlet -- Completed initialization in 0 ms
23:29:52.670 [main] DEBUG org.springframework.test.web.servlet.TestDispatcherServlet -- GET "/api/v1/users/test_long/delete", parameters={}
23:29:52.670 [main] DEBUG org.springframework.web.servlet.mvc.method.annotation.RequestMappingHandlerMapping -- Mapped to com.capstone.project.controller.UserController#deleteUser(String)
23:29:52.671 [main] DEBUG org.springframework.web.servlet.mvc.method.annotation.HttpEntityMethodProcessor -- Using 'application/json', given [*/*] and supported [application/json, application/*+json]
23:29:52.671 [main] DEBUG org.springframework.web.servlet.mvc.method.annotation.HttpEntityMethodProcessor -- Writing [false]
23:29:52.673 [main] DEBUG org.springframework.test.web.servlet.TestDispatcherServlet -- Completed 200 OK
23:29:52.673 [main] DEBUG com.jayway.jsonpath.internal.path.CompiledPath -- Evaluating path: $['success']
]]></system-out>
  </testcase>
  <testcase name="testRecoverUser{String, boolean}[1]" classname="com.capstone.project.controller.UserControllerTest" time="0.023">
    <failure message="No value at JSON path &quot;$.success&quot;" type="java.lang.AssertionError">java.lang.AssertionError: No value at JSON path "$.success"
	at com.capstone.project.controller.UserControllerTest.testRecoverUser(UserControllerTest.java:236)
Caused by: com.jayway.jsonpath.PathNotFoundException: Expected to find an object with property ['success'] in path $ but found 'java.lang.Boolean'. This is not a json object according to the JsonProvider: 'com.jayway.jsonpath.spi.json.JsonSmartJsonProvider'.
</failure>
    <system-out><![CDATA[23:29:52.691 [main] DEBUG org.hibernate.validator.messageinterpolation.ResourceBundleMessageInterpolator -- Loaded expression factory via original TCCL
23:29:52.693 [main] DEBUG org.hibernate.validator.internal.engine.AbstractConfigurationImpl -- Setting custom MessageInterpolator of type org.springframework.validation.beanvalidation.LocaleContextMessageInterpolator
23:29:52.693 [main] DEBUG org.hibernate.validator.internal.xml.config.ValidationXmlParser -- Trying to load META-INF/validation.xml for XML based Validator configuration.
23:29:52.693 [main] DEBUG org.hibernate.validator.internal.xml.config.ResourceLoaderHelper -- Trying to load META-INF/validation.xml via TCCL
23:29:52.694 [main] DEBUG org.hibernate.validator.internal.xml.config.ResourceLoaderHelper -- Trying to load META-INF/validation.xml via Hibernate Validator's class loader
23:29:52.694 [main] DEBUG org.hibernate.validator.internal.xml.config.ValidationXmlParser -- No META-INF/validation.xml found. Using annotation based configuration only.
23:29:52.694 [main] DEBUG org.hibernate.validator.internal.engine.resolver.TraversableResolvers -- Found jakarta.persistence.Persistence on classpath containing 'getPersistenceUtil'. Assuming JPA 2 environment. Trying to instantiate JPA aware TraversableResolver
23:29:52.694 [main] DEBUG org.hibernate.validator.internal.engine.resolver.TraversableResolvers -- Instantiated JPA aware TraversableResolver of type org.hibernate.validator.internal.engine.resolver.JPATraversableResolver.
23:29:52.697 [main] DEBUG org.hibernate.validator.internal.engine.ValidatorFactoryConfigurationHelper -- HV000252: Using org.hibernate.validator.internal.engine.DefaultPropertyNodeNameProvider as property node name provider.
23:29:52.698 [main] DEBUG org.hibernate.validator.internal.engine.ValidatorFactoryConfigurationHelper -- HV000234: Using org.springframework.validation.beanvalidation.LocaleContextMessageInterpolator as ValidatorFactory-scoped message interpolator.
23:29:52.698 [main] DEBUG org.hibernate.validator.internal.engine.ValidatorFactoryConfigurationHelper -- HV000234: Using org.hibernate.validator.internal.engine.resolver.JPATraversableResolver as ValidatorFactory-scoped traversable resolver.
23:29:52.698 [main] DEBUG org.hibernate.validator.internal.engine.ValidatorFactoryConfigurationHelper -- HV000234: Using org.hibernate.validator.internal.util.ExecutableParameterNameProvider as ValidatorFactory-scoped parameter name provider.
23:29:52.698 [main] DEBUG org.hibernate.validator.internal.engine.ValidatorFactoryConfigurationHelper -- HV000234: Using org.hibernate.validator.internal.engine.DefaultClockProvider as ValidatorFactory-scoped clock provider.
23:29:52.698 [main] DEBUG org.hibernate.validator.internal.engine.ValidatorFactoryConfigurationHelper -- HV000234: Using org.hibernate.validator.internal.engine.scripting.DefaultScriptEvaluatorFactory as ValidatorFactory-scoped script evaluator factory.
23:29:52.702 [main] DEBUG _org.springframework.web.servlet.HandlerMapping.Mappings -- 
	c.c.p.c.UserController:
	{PUT [/api/v1/users/{username}]}: updateUser(String,UserRequest,BindingResult)
	{GET [/api/v1/users/{username}/ban]}: banUser(String)
	{GET [/api/v1/otherusers/{except}]}: findAllNameExcept(String)
	{GET [/api/v1/users/{username}/recover]}: recoverUser(String)
	{GET [/api/v1/users/{username}/delete]}: deleteUser(String)
	{GET [/api/v1/sendverify]}: sendVerificationEmail(String)
	{GET [/api/v1/sendreset]}: sendResetPasswordEmail(String)
	{GET [/api/v1/verify]}: verifyAccount(String)
	{POST [/api/v1/reset]}: resetPassword(String,String,ChangePasswordRequest,BindingResult)
	{POST [/api/v1/checkpassword]}: checkMatchPassword(String,ChangePasswordRequest,BindingResult)
	{POST [/api/v1/changepassword]}: changePassword(String,ChangePasswordRequest,BindingResult)
	{GET [/api/v1/users/{username}]}: getUser(String)
23:29:52.703 [main] DEBUG org.springframework.web.servlet.mvc.method.annotation.RequestMappingHandlerMapping -- 12 mappings in org.springframework.web.servlet.mvc.method.annotation.RequestMappingHandlerMapping
23:29:52.705 [main] DEBUG org.springframework.web.servlet.mvc.method.annotation.RequestMappingHandlerAdapter -- ControllerAdvice beans: 0 @ModelAttribute, 0 @InitBinder, 1 RequestBodyAdvice, 1 ResponseBodyAdvice
23:29:52.705 [main] DEBUG org.springframework.web.servlet.mvc.method.annotation.ExceptionHandlerExceptionResolver -- ControllerAdvice beans: 0 @ExceptionHandler, 1 ResponseBodyAdvice
23:29:52.705 [main] INFO org.springframework.mock.web.MockServletContext -- Initializing Spring TestDispatcherServlet ''
23:29:52.705 [main] INFO org.springframework.test.web.servlet.TestDispatcherServlet -- Initializing Servlet ''
23:29:52.706 [main] DEBUG org.springframework.test.web.servlet.TestDispatcherServlet -- Detected AcceptHeaderLocaleResolver
23:29:52.706 [main] DEBUG org.springframework.test.web.servlet.TestDispatcherServlet -- Detected FixedThemeResolver
23:29:52.706 [main] DEBUG org.springframework.test.web.servlet.TestDispatcherServlet -- Detected org.springframework.web.servlet.view.DefaultRequestToViewNameTranslator@27976390
23:29:52.706 [main] DEBUG org.springframework.test.web.servlet.TestDispatcherServlet -- Detected org.springframework.web.servlet.support.SessionFlashMapManager@37e0056e
23:29:52.706 [main] DEBUG org.springframework.test.web.servlet.TestDispatcherServlet -- enableLoggingRequestDetails='false': request parameters and headers will be masked to prevent unsafe logging of potentially sensitive data
23:29:52.706 [main] INFO org.springframework.test.web.servlet.TestDispatcherServlet -- Completed initialization in 1 ms
23:29:52.708 [main] DEBUG org.springframework.test.web.servlet.TestDispatcherServlet -- GET "/api/v1/users/test_long/recover", parameters={}
23:29:52.708 [main] DEBUG org.springframework.web.servlet.mvc.method.annotation.RequestMappingHandlerMapping -- Mapped to com.capstone.project.controller.UserController#recoverUser(String)
23:29:52.710 [main] DEBUG org.springframework.web.servlet.mvc.method.annotation.HttpEntityMethodProcessor -- Using 'application/json', given [*/*] and supported [application/json, application/*+json]
23:29:52.710 [main] DEBUG org.springframework.web.servlet.mvc.method.annotation.HttpEntityMethodProcessor -- Writing [false]
23:29:52.711 [main] DEBUG org.springframework.test.web.servlet.TestDispatcherServlet -- Completed 200 OK
23:29:52.711 [main] DEBUG com.jayway.jsonpath.internal.path.CompiledPath -- Evaluating path: $['success']
]]></system-out>
  </testcase>
  <testcase name="testRecoverUser{String, boolean}[2]" classname="com.capstone.project.controller.UserControllerTest" time="0.02">
    <failure message="No value at JSON path &quot;$.success&quot;" type="java.lang.AssertionError">java.lang.AssertionError: No value at JSON path "$.success"
	at com.capstone.project.controller.UserControllerTest.testRecoverUser(UserControllerTest.java:236)
Caused by: com.jayway.jsonpath.PathNotFoundException: Expected to find an object with property ['success'] in path $ but found 'java.lang.Boolean'. This is not a json object according to the JsonProvider: 'com.jayway.jsonpath.spi.json.JsonSmartJsonProvider'.
</failure>
    <system-out><![CDATA[23:29:52.716 [main] DEBUG org.hibernate.validator.messageinterpolation.ResourceBundleMessageInterpolator -- Loaded expression factory via original TCCL
23:29:52.716 [main] DEBUG org.hibernate.validator.internal.engine.AbstractConfigurationImpl -- Setting custom MessageInterpolator of type org.springframework.validation.beanvalidation.LocaleContextMessageInterpolator
23:29:52.716 [main] DEBUG org.hibernate.validator.internal.xml.config.ValidationXmlParser -- Trying to load META-INF/validation.xml for XML based Validator configuration.
23:29:52.716 [main] DEBUG org.hibernate.validator.internal.xml.config.ResourceLoaderHelper -- Trying to load META-INF/validation.xml via TCCL
23:29:52.717 [main] DEBUG org.hibernate.validator.internal.xml.config.ResourceLoaderHelper -- Trying to load META-INF/validation.xml via Hibernate Validator's class loader
23:29:52.717 [main] DEBUG org.hibernate.validator.internal.xml.config.ValidationXmlParser -- No META-INF/validation.xml found. Using annotation based configuration only.
23:29:52.717 [main] DEBUG org.hibernate.validator.internal.engine.resolver.TraversableResolvers -- Found jakarta.persistence.Persistence on classpath containing 'getPersistenceUtil'. Assuming JPA 2 environment. Trying to instantiate JPA aware TraversableResolver
23:29:52.717 [main] DEBUG org.hibernate.validator.internal.engine.resolver.TraversableResolvers -- Instantiated JPA aware TraversableResolver of type org.hibernate.validator.internal.engine.resolver.JPATraversableResolver.
23:29:52.719 [main] DEBUG org.hibernate.validator.internal.engine.ValidatorFactoryConfigurationHelper -- HV000252: Using org.hibernate.validator.internal.engine.DefaultPropertyNodeNameProvider as property node name provider.
23:29:52.719 [main] DEBUG org.hibernate.validator.internal.engine.ValidatorFactoryConfigurationHelper -- HV000234: Using org.springframework.validation.beanvalidation.LocaleContextMessageInterpolator as ValidatorFactory-scoped message interpolator.
23:29:52.719 [main] DEBUG org.hibernate.validator.internal.engine.ValidatorFactoryConfigurationHelper -- HV000234: Using org.hibernate.validator.internal.engine.resolver.JPATraversableResolver as ValidatorFactory-scoped traversable resolver.
23:29:52.719 [main] DEBUG org.hibernate.validator.internal.engine.ValidatorFactoryConfigurationHelper -- HV000234: Using org.hibernate.validator.internal.util.ExecutableParameterNameProvider as ValidatorFactory-scoped parameter name provider.
23:29:52.719 [main] DEBUG org.hibernate.validator.internal.engine.ValidatorFactoryConfigurationHelper -- HV000234: Using org.hibernate.validator.internal.engine.DefaultClockProvider as ValidatorFactory-scoped clock provider.
23:29:52.720 [main] DEBUG org.hibernate.validator.internal.engine.ValidatorFactoryConfigurationHelper -- HV000234: Using org.hibernate.validator.internal.engine.scripting.DefaultScriptEvaluatorFactory as ValidatorFactory-scoped script evaluator factory.
23:29:52.723 [main] DEBUG _org.springframework.web.servlet.HandlerMapping.Mappings -- 
	c.c.p.c.UserController:
	{PUT [/api/v1/users/{username}]}: updateUser(String,UserRequest,BindingResult)
	{GET [/api/v1/users/{username}/ban]}: banUser(String)
	{GET [/api/v1/otherusers/{except}]}: findAllNameExcept(String)
	{GET [/api/v1/users/{username}/recover]}: recoverUser(String)
	{GET [/api/v1/users/{username}/delete]}: deleteUser(String)
	{GET [/api/v1/sendverify]}: sendVerificationEmail(String)
	{GET [/api/v1/sendreset]}: sendResetPasswordEmail(String)
	{GET [/api/v1/verify]}: verifyAccount(String)
	{POST [/api/v1/reset]}: resetPassword(String,String,ChangePasswordRequest,BindingResult)
	{POST [/api/v1/checkpassword]}: checkMatchPassword(String,ChangePasswordRequest,BindingResult)
	{POST [/api/v1/changepassword]}: changePassword(String,ChangePasswordRequest,BindingResult)
	{GET [/api/v1/users/{username}]}: getUser(String)
23:29:52.725 [main] DEBUG org.springframework.web.servlet.mvc.method.annotation.RequestMappingHandlerMapping -- 12 mappings in org.springframework.web.servlet.mvc.method.annotation.RequestMappingHandlerMapping
23:29:52.727 [main] DEBUG org.springframework.web.servlet.mvc.method.annotation.RequestMappingHandlerAdapter -- ControllerAdvice beans: 0 @ModelAttribute, 0 @InitBinder, 1 RequestBodyAdvice, 1 ResponseBodyAdvice
23:29:52.728 [main] DEBUG org.springframework.web.servlet.mvc.method.annotation.ExceptionHandlerExceptionResolver -- ControllerAdvice beans: 0 @ExceptionHandler, 1 ResponseBodyAdvice
23:29:52.728 [main] INFO org.springframework.mock.web.MockServletContext -- Initializing Spring TestDispatcherServlet ''
23:29:52.728 [main] INFO org.springframework.test.web.servlet.TestDispatcherServlet -- Initializing Servlet ''
23:29:52.728 [main] DEBUG org.springframework.test.web.servlet.TestDispatcherServlet -- Detected AcceptHeaderLocaleResolver
23:29:52.728 [main] DEBUG org.springframework.test.web.servlet.TestDispatcherServlet -- Detected FixedThemeResolver
23:29:52.728 [main] DEBUG org.springframework.test.web.servlet.TestDispatcherServlet -- Detected org.springframework.web.servlet.view.DefaultRequestToViewNameTranslator@412ebe64
23:29:52.728 [main] DEBUG org.springframework.test.web.servlet.TestDispatcherServlet -- Detected org.springframework.web.servlet.support.SessionFlashMapManager@6f731759
23:29:52.728 [main] DEBUG org.springframework.test.web.servlet.TestDispatcherServlet -- enableLoggingRequestDetails='false': request parameters and headers will be masked to prevent unsafe logging of potentially sensitive data
23:29:52.728 [main] INFO org.springframework.test.web.servlet.TestDispatcherServlet -- Completed initialization in 0 ms
23:29:52.730 [main] DEBUG org.springframework.test.web.servlet.TestDispatcherServlet -- GET "/api/v1/users/test_long/recover", parameters={}
23:29:52.730 [main] DEBUG org.springframework.web.servlet.mvc.method.annotation.RequestMappingHandlerMapping -- Mapped to com.capstone.project.controller.UserController#recoverUser(String)
23:29:52.731 [main] DEBUG org.springframework.web.servlet.mvc.method.annotation.HttpEntityMethodProcessor -- Using 'application/json', given [*/*] and supported [application/json, application/*+json]
23:29:52.731 [main] DEBUG org.springframework.web.servlet.mvc.method.annotation.HttpEntityMethodProcessor -- Writing [false]
23:29:52.732 [main] DEBUG org.springframework.test.web.servlet.TestDispatcherServlet -- Completed 200 OK
23:29:52.732 [main] DEBUG com.jayway.jsonpath.internal.path.CompiledPath -- Evaluating path: $['success']
]]></system-out>
  </testcase>
  <testcase name="testRecoverUser{String, boolean}[3]" classname="com.capstone.project.controller.UserControllerTest" time="0.018">
    <failure message="No value at JSON path &quot;$.success&quot;" type="java.lang.AssertionError">java.lang.AssertionError: No value at JSON path "$.success"
	at com.capstone.project.controller.UserControllerTest.testRecoverUser(UserControllerTest.java:236)
Caused by: com.jayway.jsonpath.PathNotFoundException: Expected to find an object with property ['success'] in path $ but found 'java.lang.Boolean'. This is not a json object according to the JsonProvider: 'com.jayway.jsonpath.spi.json.JsonSmartJsonProvider'.
</failure>
    <system-out><![CDATA[23:29:52.737 [main] DEBUG org.hibernate.validator.messageinterpolation.ResourceBundleMessageInterpolator -- Loaded expression factory via original TCCL
23:29:52.737 [main] DEBUG org.hibernate.validator.internal.engine.AbstractConfigurationImpl -- Setting custom MessageInterpolator of type org.springframework.validation.beanvalidation.LocaleContextMessageInterpolator
23:29:52.737 [main] DEBUG org.hibernate.validator.internal.xml.config.ValidationXmlParser -- Trying to load META-INF/validation.xml for XML based Validator configuration.
23:29:52.737 [main] DEBUG org.hibernate.validator.internal.xml.config.ResourceLoaderHelper -- Trying to load META-INF/validation.xml via TCCL
23:29:52.738 [main] DEBUG org.hibernate.validator.internal.xml.config.ResourceLoaderHelper -- Trying to load META-INF/validation.xml via Hibernate Validator's class loader
23:29:52.738 [main] DEBUG org.hibernate.validator.internal.xml.config.ValidationXmlParser -- No META-INF/validation.xml found. Using annotation based configuration only.
23:29:52.738 [main] DEBUG org.hibernate.validator.internal.engine.resolver.TraversableResolvers -- Found jakarta.persistence.Persistence on classpath containing 'getPersistenceUtil'. Assuming JPA 2 environment. Trying to instantiate JPA aware TraversableResolver
23:29:52.738 [main] DEBUG org.hibernate.validator.internal.engine.resolver.TraversableResolvers -- Instantiated JPA aware TraversableResolver of type org.hibernate.validator.internal.engine.resolver.JPATraversableResolver.
23:29:52.738 [main] DEBUG org.hibernate.validator.internal.engine.ValidatorFactoryConfigurationHelper -- HV000252: Using org.hibernate.validator.internal.engine.DefaultPropertyNodeNameProvider as property node name provider.
23:29:52.738 [main] DEBUG org.hibernate.validator.internal.engine.ValidatorFactoryConfigurationHelper -- HV000234: Using org.springframework.validation.beanvalidation.LocaleContextMessageInterpolator as ValidatorFactory-scoped message interpolator.
23:29:52.738 [main] DEBUG org.hibernate.validator.internal.engine.ValidatorFactoryConfigurationHelper -- HV000234: Using org.hibernate.validator.internal.engine.resolver.JPATraversableResolver as ValidatorFactory-scoped traversable resolver.
23:29:52.738 [main] DEBUG org.hibernate.validator.internal.engine.ValidatorFactoryConfigurationHelper -- HV000234: Using org.hibernate.validator.internal.util.ExecutableParameterNameProvider as ValidatorFactory-scoped parameter name provider.
23:29:52.738 [main] DEBUG org.hibernate.validator.internal.engine.ValidatorFactoryConfigurationHelper -- HV000234: Using org.hibernate.validator.internal.engine.DefaultClockProvider as ValidatorFactory-scoped clock provider.
23:29:52.738 [main] DEBUG org.hibernate.validator.internal.engine.ValidatorFactoryConfigurationHelper -- HV000234: Using org.hibernate.validator.internal.engine.scripting.DefaultScriptEvaluatorFactory as ValidatorFactory-scoped script evaluator factory.
23:29:52.743 [main] DEBUG _org.springframework.web.servlet.HandlerMapping.Mappings -- 
	c.c.p.c.UserController:
	{PUT [/api/v1/users/{username}]}: updateUser(String,UserRequest,BindingResult)
	{GET [/api/v1/users/{username}/ban]}: banUser(String)
	{GET [/api/v1/otherusers/{except}]}: findAllNameExcept(String)
	{GET [/api/v1/users/{username}/recover]}: recoverUser(String)
	{GET [/api/v1/users/{username}/delete]}: deleteUser(String)
	{GET [/api/v1/sendverify]}: sendVerificationEmail(String)
	{GET [/api/v1/sendreset]}: sendResetPasswordEmail(String)
	{GET [/api/v1/verify]}: verifyAccount(String)
	{POST [/api/v1/reset]}: resetPassword(String,String,ChangePasswordRequest,BindingResult)
	{POST [/api/v1/checkpassword]}: checkMatchPassword(String,ChangePasswordRequest,BindingResult)
	{POST [/api/v1/changepassword]}: changePassword(String,ChangePasswordRequest,BindingResult)
	{GET [/api/v1/users/{username}]}: getUser(String)
23:29:52.745 [main] DEBUG org.springframework.web.servlet.mvc.method.annotation.RequestMappingHandlerMapping -- 12 mappings in org.springframework.web.servlet.mvc.method.annotation.RequestMappingHandlerMapping
23:29:52.747 [main] DEBUG org.springframework.web.servlet.mvc.method.annotation.RequestMappingHandlerAdapter -- ControllerAdvice beans: 0 @ModelAttribute, 0 @InitBinder, 1 RequestBodyAdvice, 1 ResponseBodyAdvice
23:29:52.747 [main] DEBUG org.springframework.web.servlet.mvc.method.annotation.ExceptionHandlerExceptionResolver -- ControllerAdvice beans: 0 @ExceptionHandler, 1 ResponseBodyAdvice
23:29:52.748 [main] INFO org.springframework.mock.web.MockServletContext -- Initializing Spring TestDispatcherServlet ''
23:29:52.748 [main] INFO org.springframework.test.web.servlet.TestDispatcherServlet -- Initializing Servlet ''
23:29:52.748 [main] DEBUG org.springframework.test.web.servlet.TestDispatcherServlet -- Detected AcceptHeaderLocaleResolver
23:29:52.748 [main] DEBUG org.springframework.test.web.servlet.TestDispatcherServlet -- Detected FixedThemeResolver
23:29:52.748 [main] DEBUG org.springframework.test.web.servlet.TestDispatcherServlet -- Detected org.springframework.web.servlet.view.DefaultRequestToViewNameTranslator@110b7837
23:29:52.748 [main] DEBUG org.springframework.test.web.servlet.TestDispatcherServlet -- Detected org.springframework.web.servlet.support.SessionFlashMapManager@6ee88e21
23:29:52.748 [main] DEBUG org.springframework.test.web.servlet.TestDispatcherServlet -- enableLoggingRequestDetails='false': request parameters and headers will be masked to prevent unsafe logging of potentially sensitive data
23:29:52.748 [main] INFO org.springframework.test.web.servlet.TestDispatcherServlet -- Completed initialization in 0 ms
23:29:52.749 [main] DEBUG org.springframework.test.web.servlet.TestDispatcherServlet -- GET "/api/v1/users/test_long/recover", parameters={}
23:29:52.749 [main] DEBUG org.springframework.web.servlet.mvc.method.annotation.RequestMappingHandlerMapping -- Mapped to com.capstone.project.controller.UserController#recoverUser(String)
23:29:52.751 [main] DEBUG org.springframework.web.servlet.mvc.method.annotation.HttpEntityMethodProcessor -- Using 'application/json', given [*/*] and supported [application/json, application/*+json]
23:29:52.751 [main] DEBUG org.springframework.web.servlet.mvc.method.annotation.HttpEntityMethodProcessor -- Writing [false]
23:29:52.751 [main] DEBUG org.springframework.test.web.servlet.TestDispatcherServlet -- Completed 200 OK
23:29:52.751 [main] DEBUG com.jayway.jsonpath.internal.path.CompiledPath -- Evaluating path: $['success']
]]></system-out>
  </testcase>
</testsuite>